============================= test session starts ==============================
platform linux -- Python 3.12.12, pytest-9.0.1, pluggy-1.6.0
benchmark: 5.2.3 (defaults: timer=time.perf_counter disable_gc=False min_rounds=5 min_time=0.000005 max_time=1.0 calibration_precision=10 warmup=False warmup_iterations=100000)
rootdir: /app
configfile: pyproject.toml
testpaths: tests
plugins: locust-2.42.6, benchmark-5.2.3, xdist-3.8.0, Faker-38.2.0, timeout-2.4.0, anyio-4.12.0, cov-7.0.0, asyncio-1.3.0
timeout: 300.0s
timeout method: signal
timeout func_only: False
asyncio: mode=Mode.STRICT, debug=False, asyncio_default_fixture_loop_scope=None, asyncio_default_test_loop_scope=function
collected 1461 items

tests/api/test_deck_type_definitions.py ..                               [  0%]
tests/api/test_decks.py .....                                            [  0%]
tests/api/test_e2e_flow.py .                                             [  0%]
tests/api/test_function_data_outputs.py s....                            [  0%]
tests/api/test_protocol_definitions.py .....                             [  1%]
tests/api/test_protocol_runs.py .....                                    [  1%]
tests/api/test_resource_definitions.py .....                             [  1%]
tests/api/test_resources.py .....                                        [  2%]
tests/api/test_route_debug.py .                                          [  2%]
tests/api/test_smoke.py .                                                [  2%]
tests/api/test_well_data_outputs.py s....                                [  2%]
tests/api/test_workcells.py .....                                        [  3%]
tests/core/decorators/test_definition_builder.py ..F..                   [  3%]
tests/core/decorators/test_models.py ........                            [  3%]
tests/core/decorators/test_parameter_processor.py FFF                    [  4%]
tests/core/decorators/test_protocol_decorator.py .......F............    [  5%]
tests/core/test_asset_lock_manager.py ..................                 [  6%]
tests/core/test_asset_manager.py .............................           [  8%]
tests/core/test_celery.py .......................                        [ 10%]
tests/core/test_celery_base.py ...............                           [ 11%]
tests/core/test_celery_tasks.py ................                         [ 12%]
tests/core/test_container.py ........................................... [ 15%]
........                                                                 [ 15%]
tests/core/test_filesystem.py ...........................                [ 17%]
tests/core/test_orchestrator.py .............s.s.s...                    [ 19%]
tests/core/test_protocol_code_manager.py ............................... [ 21%]
...                                                                      [ 21%]
tests/core/test_protocol_execution_service.py ..............             [ 22%]
tests/core/test_run_context.py ................................          [ 24%]
tests/core/test_scheduler.py ..........F.............                    [ 26%]
tests/core/test_workcell.py .......................................      [ 29%]
tests/core/test_workcell_runtime.py ..................                   [ 30%]
tests/models/test_enums/test_asset_enums.py .........................    [ 31%]
tests/models/test_enums/test_machine_enums.py .FFFFFF................    [ 33%]
tests/models/test_enums/test_outputs_enums.py ........................   [ 35%]
tests/models/test_enums/test_protocol_enums.py .....F................... [ 36%]
......F..                                                                [ 37%]
tests/models/test_enums/test_resource_enums.py ......................... [ 39%]
.......                                                                  [ 39%]
tests/models/test_enums/test_schedule_enums.py ......................... [ 41%]
...............                                                          [ 42%]
tests/models/test_enums/test_workcell_enums.py ........................  [ 44%]
tests/models/test_orm/test_asset_requirement_orm.py ...........          [ 44%]
tests/models/test_orm/test_asset_reservation_orm.py ..............       [ 45%]
tests/models/test_orm/test_deck_orm.py ....FFFFFEE                       [ 46%]
tests/models/test_orm/test_file_system_protocol_source_orm.py .......... [ 47%]
                                                                         [ 47%]
tests/models/test_orm/test_function_call_log_orm.py .............        [ 48%]
tests/models/test_orm/test_function_data_output_orm.py ................. [ 49%]
..                                                                       [ 49%]
tests/models/test_orm/test_function_protocol_definition_orm.py FEEFEEFFF [ 50%]
FFFFFF                                                                   [ 50%]
tests/models/test_orm/test_machine_definition_orm.py .FF.....F           [ 51%]
tests/models/test_orm/test_machine_orm.py FFFFsFFF                       [ 51%]
tests/models/test_orm/test_parameter_definition_orm.py ...........       [ 52%]
tests/models/test_orm/test_protocol_run_orm.py ..............