============================= test session starts ==============================
platform linux -- Python 3.12.12, pytest-9.0.1, pluggy-1.6.0
benchmark: 5.2.3 (defaults: timer=time.perf_counter disable_gc=False min_rounds=5 min_time=0.000005 max_time=1.0 calibration_precision=10 warmup=False warmup_iterations=100000)
rootdir: /app
configfile: pyproject.toml
testpaths: tests
plugins: locust-2.42.6, benchmark-5.2.3, xdist-3.8.0, Faker-38.2.0, timeout-2.4.0, anyio-4.12.0, cov-7.0.0, asyncio-1.3.0
timeout: 300.0s
timeout method: signal
timeout func_only: False
asyncio: mode=Mode.STRICT, debug=False, asyncio_default_fixture_loop_scope=None, asyncio_default_test_loop_scope=function
collected 1374 items / 5 errors

==================================== ERRORS ====================================
______ ERROR collecting tests/core/decorators/test_definition_builder.py _______
ImportError while importing test module '/app/tests/core/decorators/test_definition_builder.py'.
Hint: make sure your test modules/packages have valid Python names.
Traceback:
/home/jules/.pyenv/versions/3.12.12/lib/python3.12/importlib/__init__.py:90: in import_module
    return _bootstrap._gcd_import(name[level:], package, level)
           ^^^^^^^^^^^^^^^^^^^^^^^^^^^^^^^^^^^^^^^^^^^^^^^^^^^^
tests/core/decorators/test_definition_builder.py:5: in <module>
    from praxis.backend.core.decorators import (
praxis/backend/core/decorators/__init__.py:1: in <module>
    from .definition_builder import _create_protocol_definition
praxis/backend/core/decorators/definition_builder.py:13: in <module>
    from .parameter_processor import _process_parameter
praxis/backend/core/decorators/parameter_processor.py:9: in <module>
    from praxis.backend.utils.type_inspection import (
E   ImportError: cannot import name 'is_pylabrobot_resource' from 'praxis.backend.utils.type_inspection' (/app/praxis/backend/utils/type_inspection.py)
____________ ERROR collecting tests/core/decorators/test_models.py _____________
ImportError while importing test module '/app/tests/core/decorators/test_models.py'.
Hint: make sure your test modules/packages have valid Python names.
Traceback:
/home/jules/.pyenv/versions/3.12.12/lib/python3.12/importlib/__init__.py:90: in import_module
    return _bootstrap._gcd_import(name[level:], package, level)
           ^^^^^^^^^^^^^^^^^^^^^^^^^^^^^^^^^^^^^^^^^^^^^^^^^^^^
tests/core/decorators/test_models.py:5: in <module>
    from praxis.backend.core.decorators import (
praxis/backend/core/decorators/__init__.py:1: in <module>
    from .definition_builder import _create_protocol_definition
praxis/backend/core/decorators/definition_builder.py:13: in <module>
    from .parameter_processor import _process_parameter
praxis/backend/core/decorators/parameter_processor.py:9: in <module>
    from praxis.backend.utils.type_inspection import (
E   ImportError: cannot import name 'is_pylabrobot_resource' from 'praxis.backend.utils.type_inspection' (/app/praxis/backend/utils/type_inspection.py)
______ ERROR collecting tests/core/decorators/test_parameter_processor.py ______
ImportError while importing test module '/app/tests/core/decorators/test_parameter_processor.py'.
Hint: make sure your test modules/packages have valid Python names.
Traceback:
/home/jules/.pyenv/versions/3.12.12/lib/python3.12/importlib/__init__.py:90: in import_module
    return _bootstrap._gcd_import(name[level:], package, level)
           ^^^^^^^^^^^^^^^^^^^^^^^^^^^^^^^^^^^^^^^^^^^^^^^^^^^^
tests/core/decorators/test_parameter_processor.py:5: in <module>
    from praxis.backend.core.decorators import (
praxis/backend/core/decorators/__init__.py:1: in <module>
    from .definition_builder import _create_protocol_definition
praxis/backend/core/decorators/definition_builder.py:13: in <module>
    from .parameter_processor import _process_parameter
praxis/backend/core/decorators/parameter_processor.py:9: in <module>
    from praxis.backend.utils.type_inspection import (
E   ImportError: cannot import name 'is_pylabrobot_resource' from 'praxis.backend.utils.type_inspection' (/app/praxis/backend/utils/type_inspection.py)
______ ERROR collecting tests/core/decorators/test_protocol_decorator.py _______
ImportError while importing test module '/app/tests/core/decorators/test_protocol_decorator.py'.
Hint: make sure your test modules/packages have valid Python names.
Traceback:
/home/jules/.pyenv/versions/3.12.12/lib/python3.12/importlib/__init__.py:90: in import_module
    return _bootstrap._gcd_import(name[level:], package, level)
           ^^^^^^^^^^^^^^^^^^^^^^^^^^^^^^^^^^^^^^^^^^^^^^^^^^^^
tests/core/decorators/test_protocol_decorator.py:7: in <module>
    from praxis.backend.core.decorators import (
praxis/backend/core/decorators/__init__.py:1: in <module>
    from .definition_builder import _create_protocol_definition
praxis/backend/core/decorators/definition_builder.py:13: in <module>
    from .parameter_processor import _process_parameter
praxis/backend/core/decorators/parameter_processor.py:9: in <module>
    from praxis.backend.utils.type_inspection import (
E   ImportError: cannot import name 'is_pylabrobot_resource' from 'praxis.backend.utils.type_inspection' (/app/praxis/backend/utils/type_inspection.py)
_____________ ERROR collecting tests/utils/test_type_inspection.py _____________
ImportError while importing test module '/app/tests/utils/test_type_inspection.py'.
Hint: make sure your test modules/packages have valid Python names.
Traceback:
/home/jules/.pyenv/versions/3.12.12/lib/python3.12/importlib/__init__.py:90: in import_module
    return _bootstrap._gcd_import(name[level:], package, level)
           ^^^^^^^^^^^^^^^^^^^^^^^^^^^^^^^^^^^^^^^^^^^^^^^^^^^^
tests/utils/test_type_inspection.py:8: in <module>
    from praxis.backend.utils.type_inspection import (
E   ImportError: cannot import name 'is_pylabrobot_resource' from 'praxis.backend.utils.type_inspection' (/app/praxis/backend/utils/type_inspection.py)
=========================== short test summary info ============================
ERROR tests/core/decorators/test_definition_builder.py
ERROR tests/core/decorators/test_models.py
ERROR tests/core/decorators/test_parameter_processor.py
ERROR tests/core/decorators/test_protocol_decorator.py
ERROR tests/utils/test_type_inspection.py
!!!!!!!!!!!!!!!!!!! Interrupted: 5 errors during collection !!!!!!!!!!!!!!!!!!!!
========================= 1 warning, 5 errors in 5.50s =========================
