============================= test session starts ==============================
platform darwin -- Python 3.13.5, pytest-8.4.2, pluggy-1.6.0 -- /Users/mar/Projects/pylabpraxis/.venv/bin/python3
cachedir: .pytest_cache
Database: SQLite (in-memory)
rootdir: /Users/mar/Projects/pylabpraxis
configfile: pyproject.toml
plugins: playwright-0.7.2, asyncio-1.2.0, anyio-4.11.0, socket-0.7.0, xdist-3.8.0, timeout-2.4.0, Faker-37.11.0, base-url-2.1.0, cov-7.0.0
asyncio: mode=Mode.STRICT, debug=False, asyncio_default_fixture_loop_scope=function, asyncio_default_test_loop_scope=function
timeout: 300.0s
timeout method: signal
timeout func_only: False
collecting ... collected 305 items

tests/models/test_domain/test_asset_requirement.py::test_asset_requirement_orm_creation_minimal PASSED [  0%]
tests/models/test_domain/test_asset_requirement.py::test_asset_requirement_orm_creation_with_all_fields PASSED [  0%]
tests/models/test_domain/test_asset_requirement.py::test_asset_requirement_orm_persist_to_database PASSED [  0%]
tests/models/test_domain/test_asset_requirement.py::test_asset_requirement_orm_unique_constraint PASSED [  1%]
tests/models/test_domain/test_asset_requirement.py::test_asset_requirement_orm_optional_flag PASSED [  1%]
tests/models/test_domain/test_asset_requirement.py::test_asset_requirement_orm_type_hints PASSED [  1%]
tests/models/test_domain/test_asset_requirement.py::test_asset_requirement_orm_jsonb_constraints PASSED [  2%]
tests/models/test_domain/test_asset_requirement.py::test_asset_requirement_orm_jsonb_location_constraints PASSED [  2%]
tests/models/test_domain/test_asset_requirement.py::test_asset_requirement_orm_relationship_to_protocol PASSED [  2%]
tests/models/test_domain/test_asset_requirement.py::test_asset_requirement_orm_query_by_protocol PASSED [  3%]
tests/models/test_domain/test_asset_requirement.py::test_asset_requirement_orm_repr PASSED [  3%]
tests/models/test_domain/test_asset_reservation.py::test_asset_reservation_orm_creation_minimal FAILED [  3%]
tests/models/test_domain/test_asset_reservation.py::test_asset_reservation_orm_creation_with_all_fields PASSED [  4%]
tests/models/test_domain/test_asset_reservation.py::test_asset_reservation_orm_persist_to_database PASSED [  4%]
tests/models/test_domain/test_asset_reservation.py::test_asset_reservation_orm_status_transitions PASSED [  4%]
tests/models/test_domain/test_asset_reservation.py::test_asset_reservation_orm_redis_lock_fields PASSED [  5%]
tests/models/test_domain/test_asset_reservation.py::test_asset_reservation_orm_timing_fields FAILED [  5%]
tests/models/test_domain/test_asset_reservation.py::test_asset_reservation_orm_asset_type_field PASSED [  5%]
tests/models/test_domain/test_asset_reservation.py::test_asset_reservation_orm_relationship_to_protocol_run FAILED [  6%]
tests/models/test_domain/test_asset_reservation.py::test_asset_reservation_orm_relationship_to_schedule_entry PASSED [  6%]
tests/models/test_domain/test_asset_reservation.py::test_asset_reservation_orm_relationship_to_asset FAILED [  6%]
tests/models/test_domain/test_asset_reservation.py::test_asset_reservation_orm_query_by_status PASSED [  7%]
tests/models/test_domain/test_asset_reservation.py::test_asset_reservation_orm_query_active_reservations PASSED [  7%]
tests/models/test_domain/test_asset_reservation.py::test_asset_reservation_orm_query_by_asset PASSED [  7%]
tests/models/test_domain/test_asset_reservation.py::test_multiple_reservations_for_same_run PASSED [  8%]
tests/models/test_domain/test_asset_sqlmodel.py::TestAssetSQLModel::test_asset_creation_defaults PASSED [  8%]
tests/models/test_domain/test_asset_sqlmodel.py::TestAssetSQLModel::test_asset_serialization_to_read PASSED [  8%]
tests/models/test_domain/test_asset_sqlmodel.py::TestAssetSQLModel::test_asset_create_schema_validation PASSED [  9%]
tests/models/test_domain/test_asset_sqlmodel.py::TestAssetSQLModel::test_asset_update_partial PASSED [  9%]
tests/models/test_domain/test_asset_sqlmodel.py::TestAssetSQLModel::test_polymorphic_identity PASSED [  9%]
tests/models/test_domain/test_asset_sqlmodel.py::TestAssetSQLModel::test_json_fields_roundtrip PASSED [ 10%]
tests/models/test_domain/test_deck.py::test_deck_definition_orm_creation PASSED [ 10%]
tests/models/test_domain/test_deck.py::test_deck_definition_orm_with_jsonb_fields PASSED [ 10%]
tests/models/test_domain/test_deck.py::test_deck_position_definition_orm_creation PASSED [ 11%]
tests/models/test_domain/test_deck.py::test_deck_position_definition_orm_unique_constraint PASSED [ 11%]
tests/models/test_domain/test_deck.py::test_deck_orm_creation_with_defaults PASSED [ 11%]
tests/models/test_domain/test_deck.py::test_deck_orm_persist_to_database PASSED [ 12%]
tests/models/test_domain/test_deck.py::test_deck_orm_unique_name_constraint PASSED [ 12%]
tests/models/test_domain/test_deck.py::test_deck_orm_with_parent_machine PASSED [ 12%]
tests/models/test_domain/test_deck.py::test_deck_orm_with_resources PASSED [ 13%]
tests/models/test_domain/test_deck.py::test_deck_orm_is_resource_and_asset FAILED [ 13%]
tests/models/test_domain/test_deck.py::test_deck_orm_relationships FAILED [ 13%]
tests/models/test_domain/test_deck.py::TestDeckSchemas::test_deck_base_minimal PASSED [ 14%]
tests/models/test_domain/test_deck.py::TestDeckSchemas::test_deck_base_with_all_fields FAILED [ 14%]
tests/models/test_domain/test_deck.py::TestDeckSchemas::test_deck_create_inherits_from_base PASSED [ 14%]
tests/models/test_domain/test_deck.py::TestDeckSchemas::test_deck_update_all_fields_optional PASSED [ 15%]
tests/models/test_domain/test_deck.py::TestDeckSchemas::test_deck_response_serialization_to_dict PASSED [ 15%]
tests/models/test_domain/test_deck.py::TestDeckSchemas::test_deck_response_serialization_to_json PASSED [ 15%]
tests/models/test_domain/test_deck.py::TestDeckSchemas::test_deck_response_deserialization_from_dict FAILED [ 16%]
tests/models/test_domain/test_deck.py::TestDeckSchemas::test_deck_response_roundtrip_serialization PASSED [ 16%]
tests/models/test_domain/test_deck.py::TestDeckSchemas::test_deck_response_from_model FAILED [ 16%]
tests/models/test_domain/test_deck.py::TestDeckSchemas::test_deck_response_from_orm_minimal PASSED [ 17%]
tests/models/test_domain/test_deck.py::TestDeckSchemas::test_positioning_config_model PASSED [ 17%]
tests/models/test_domain/test_deck.py::TestDeckSchemas::test_deck_position_definition_create PASSED [ 17%]
tests/models/test_domain/test_deck.py::TestDeckSchemas::test_deck_position_definition_response FAILED [ 18%]
tests/models/test_domain/test_deck.py::TestDeckSchemas::test_deck_position_definition_with_compatible_resources PASSED [ 18%]
tests/models/test_domain/test_file_system_protocol_source.py::test_file_system_protocol_source_orm_creation_minimal FAILED [ 18%]
tests/models/test_domain/test_file_system_protocol_source.py::test_file_system_protocol_source_orm_creation_with_all_fields FAILED [ 19%]
tests/models/test_domain/test_file_system_protocol_source.py::test_file_system_protocol_source_orm_persist_to_database FAILED [ 19%]
tests/models/test_domain/test_file_system_protocol_source.py::test_file_system_protocol_source_orm_unique_name_constraint FAILED [ 19%]
tests/models/test_domain/test_file_system_protocol_source.py::test_file_system_protocol_source_orm_status_transitions FAILED [ 20%]
tests/models/test_domain/test_file_system_protocol_source.py::test_file_system_protocol_source_orm_is_recursive_flag PASSED [ 20%]
tests/models/test_domain/test_file_system_protocol_source.py::test_file_system_protocol_source_orm_query_by_name FAILED [ 20%]
tests/models/test_domain/test_file_system_protocol_source.py::test_file_system_protocol_source_orm_update_base_path FAILED [ 20%]
tests/models/test_domain/test_file_system_protocol_source.py::test_file_system_protocol_source_orm_repr PASSED [ 21%]
tests/models/test_domain/test_file_system_protocol_source.py::test_file_system_protocol_source_orm_query_by_status FAILED [ 21%]
tests/models/test_domain/test_function_call_log.py::test_function_call_log_orm_creation_minimal ERROR [ 21%]
tests/models/test_domain/test_function_call_log.py::test_function_call_log_orm_creation_with_all_fields ERROR [ 22%]
tests/models/test_domain/test_function_call_log.py::test_function_call_log_orm_persist_to_database ERROR [ 22%]
tests/models/test_domain/test_function_call_log.py::test_function_call_log_orm_sequence_ordering ERROR [ 22%]
tests/models/test_domain/test_function_call_log.py::test_function_call_log_orm_status_values ERROR [ 23%]
tests/models/test_domain/test_function_call_log.py::test_function_call_log_orm_input_args_jsonb ERROR [ 23%]
tests/models/test_domain/test_function_call_log.py::test_function_call_log_orm_return_value_jsonb ERROR [ 23%]
tests/models/test_domain/test_function_call_log.py::test_function_call_log_orm_error_fields ERROR [ 24%]
tests/models/test_domain/test_function_call_log.py::test_function_call_log_orm_nested_calls ERROR [ 24%]
tests/models/test_domain/test_function_call_log.py::test_function_call_log_orm_timing ERROR [ 24%]
tests/models/test_domain/test_function_call_log.py::test_function_call_log_orm_query_by_protocol_run ERROR [ 25%]
tests/models/test_domain/test_function_call_log.py::test_function_call_log_orm_query_by_status ERROR [ 25%]
tests/models/test_domain/test_function_call_log.py::test_function_call_log_orm_repr ERROR [ 25%]
tests/models/test_domain/test_function_data_output.py::test_function_data_output_orm_creation_minimal ERROR [ 26%]
tests/models/test_domain/test_function_data_output.py::test_function_data_output_orm_creation_with_all_fields ERROR [ 26%]
tests/models/test_domain/test_function_data_output.py::test_function_data_output_orm_persist_to_database ERROR [ 26%]
tests/models/test_domain/test_function_data_output.py::test_function_data_output_orm_data_type_values ERROR [ 27%]
tests/models/test_domain/test_function_data_output.py::test_function_data_output_orm_spatial_context_values ERROR [ 27%]
tests/models/test_domain/test_function_data_output.py::test_function_data_output_orm_numeric_data ERROR [ 27%]
tests/models/test_domain/test_function_data_output.py::test_function_data_output_orm_json_data ERROR [ 28%]
tests/models/test_domain/test_function_data_output.py::test_function_data_output_orm_text_data ERROR [ 28%]
tests/models/test_domain/test_function_data_output.py::test_function_data_output_orm_binary_data ERROR [ 28%]
tests/models/test_domain/test_function_data_output.py::test_function_data_output_orm_spatial_coordinates_jsonb ERROR [ 29%]
tests/models/test_domain/test_function_data_output.py::test_function_data_output_orm_metadata_jsonb ERROR [ 29%]
tests/models/test_domain/test_function_data_output.py::test_function_data_output_orm_file_path ERROR [ 29%]
tests/models/test_domain/test_function_data_output.py::test_function_data_output_orm_relationship_to_protocol_run ERROR [ 30%]
tests/models/test_domain/test_function_data_output.py::test_function_data_output_orm_relationship_to_function_call_log ERROR [ 30%]
tests/models/test_domain/test_function_data_output.py::test_function_data_output_orm_relationship_to_resource ERROR [ 30%]
tests/models/test_domain/test_function_data_output.py::test_function_data_output_orm_relationship_to_machine ERROR [ 31%]
tests/models/test_domain/test_function_data_output.py::test_function_data_output_orm_query_by_data_type ERROR [ 31%]
tests/models/test_domain/test_function_data_output.py::test_function_data_output_orm_query_by_protocol_run ERROR [ 31%]
tests/models/test_domain/test_function_data_output.py::test_function_data_output_orm_query_by_resource ERROR [ 32%]
tests/models/test_domain/test_function_protocol_definition.py::test_function_protocol_definition_orm_creation_minimal FAILED [ 32%]
tests/models/test_domain/test_function_protocol_definition.py::test_function_protocol_definition_orm_with_git_source PASSED [ 32%]
tests/models/test_domain/test_function_protocol_definition.py::test_function_protocol_definition_orm_with_fs_source PASSED [ 33%]
tests/models/test_domain/test_function_protocol_definition.py::test_function_protocol_definition_orm_persist_to_database PASSED [ 33%]
tests/models/test_domain/test_function_protocol_definition.py::test_function_protocol_definition_orm_unique_constraint_git FAILED [ 33%]
tests/models/test_domain/test_function_protocol_definition.py::test_function_protocol_definition_orm_unique_constraint_fs FAILED [ 34%]
tests/models/test_domain/test_function_protocol_definition.py::test_function_protocol_definition_orm_is_top_level_flag FAILED [ 34%]
tests/models/test_domain/test_function_protocol_definition.py::test_function_protocol_definition_orm_solo_execution_flag FAILED [ 34%]
tests/models/test_domain/test_function_protocol_definition.py::test_function_protocol_definition_orm_preconfigure_deck_flag FAILED [ 35%]
tests/models/test_domain/test_function_protocol_definition.py::test_function_protocol_definition_orm_deprecated_flag FAILED [ 35%]
tests/models/test_domain/test_function_protocol_definition.py::test_function_protocol_definition_orm_jsonb_tags FAILED [ 35%]
tests/models/test_domain/test_function_protocol_definition.py::test_function_protocol_definition_orm_state_param FAILED [ 36%]
tests/models/test_domain/test_function_protocol_definition.py::test_function_protocol_definition_orm_query_by_fqn FAILED [ 36%]
tests/models/test_domain/test_function_protocol_definition.py::test_function_protocol_definition_orm_query_top_level FAILED [ 36%]
tests/models/test_domain/test_function_protocol_definition.py::test_function_protocol_definition_orm_repr PASSED [ 37%]
tests/models/test_domain/test_machine.py::test_machine_orm_creation_with_defaults FAILED [ 37%]
tests/models/test_domain/test_machine.py::test_machine_orm_persist_to_database FAILED [ 37%]
tests/models/test_domain/test_machine.py::test_machine_orm_unique_name_constraint PASSED [ 38%]
tests/models/test_domain/test_machine.py::test_machine_orm_unique_serial_number FAILED [ 38%]
tests/models/test_domain/test_machine.py::test_machine_orm_with_workcell_relationship FAILED [ 38%]
tests/models/test_domain/test_machine.py::test_machine_orm_status_enum_values FAILED [ 39%]
tests/models/test_domain/test_machine.py::test_machine_orm_category_enum_values FAILED [ 39%]
tests/models/test_domain/test_machine.py::test_machine_orm_connection_info_json PASSED [ 39%]
tests/models/test_domain/test_machine.py::TestMachineSchemas::test_machine_base_minimal PASSED [ 40%]
tests/models/test_domain/test_machine.py::TestMachineSchemas::test_machine_base_with_all_fields PASSED [ 40%]
tests/models/test_domain/test_machine.py::TestMachineSchemas::test_machine_create_inherits_from_base PASSED [ 40%]
tests/models/test_domain/test_machine.py::TestMachineSchemas::test_machine_update_all_fields_optional PASSED [ 40%]
tests/models/test_domain/test_machine.py::TestMachineSchemas::test_machine_response_serialization_to_dict PASSED [ 41%]
tests/models/test_domain/test_machine.py::TestMachineSchemas::test_machine_response_serialization_to_json PASSED [ 41%]
tests/models/test_domain/test_machine.py::TestMachineSchemas::test_machine_response_deserialization_from_dict PASSED [ 41%]
tests/models/test_domain/test_machine.py::TestMachineSchemas::test_machine_response_status_enum_validation PASSED [ 42%]
tests/models/test_domain/test_machine.py::TestMachineSchemas::test_machine_response_roundtrip_serialization PASSED [ 42%]
tests/models/test_domain/test_machine.py::TestMachineSchemas::test_machine_response_from_model PASSED [ 42%]
tests/models/test_domain/test_machine.py::TestMachineSchemas::test_machine_response_from_orm_minimal PASSED [ 43%]
tests/models/test_domain/test_machine_definition.py::test_machine_definition_orm_creation_minimal FAILED [ 43%]
tests/models/test_domain/test_machine_definition.py::test_machine_definition_orm_with_all_fields FAILED [ 43%]
tests/models/test_domain/test_machine_definition.py::test_machine_definition_orm_persist_to_database FAILED [ 44%]
tests/models/test_domain/test_machine_definition.py::test_machine_definition_orm_unique_fqn_constraint PASSED [ 44%]
tests/models/test_domain/test_machine_definition.py::test_machine_definition_orm_unique_name_constraint FAILED [ 44%]
tests/models/test_domain/test_machine_definition.py::test_machine_definition_orm_machine_categories FAILED [ 45%]
tests/models/test_domain/test_machine_definition.py::test_machine_definition_orm_jsonb_fields FAILED [ 45%]
tests/models/test_domain/test_machine_definition.py::test_machine_definition_orm_dimensions FAILED [ 45%]
tests/models/test_domain/test_machine_definition.py::test_machine_definition_orm_with_deck_flag PASSED [ 46%]
tests/models/test_domain/test_machine_definition.py::TestMachineDefinitionSchemas::test_machine_definition_base_minimal FAILED [ 46%]
tests/models/test_domain/test_machine_definition.py::TestMachineDefinitionSchemas::test_machine_definition_base_with_all_fields FAILED [ 46%]
tests/models/test_domain/test_machine_definition.py::TestMachineDefinitionSchemas::test_machine_definition_create PASSED [ 47%]
tests/models/test_domain/test_machine_definition.py::TestMachineDefinitionSchemas::test_machine_definition_update FAILED [ 47%]
tests/models/test_domain/test_machine_definition.py::TestMachineDefinitionSchemas::test_machine_definition_response_serialization_to_dict PASSED [ 47%]
tests/models/test_domain/test_machine_definition.py::TestMachineDefinitionSchemas::test_machine_definition_response_serialization_to_json PASSED [ 48%]
tests/models/test_domain/test_machine_definition.py::TestMachineDefinitionSchemas::test_machine_definition_response_deserialization_from_dict PASSED [ 48%]
tests/models/test_domain/test_machine_definition.py::TestMachineDefinitionSchemas::test_machine_definition_response_roundtrip_serialization PASSED [ 48%]
tests/models/test_domain/test_machine_definition.py::TestMachineDefinitionSchemas::test_machine_definition_response_from_model PASSED [ 49%]
tests/models/test_domain/test_machine_definition.py::TestMachineDefinitionSchemas::test_machine_definition_response_from_orm_minimal PASSED [ 49%]
tests/models/test_domain/test_machine_definition.py::TestMachineDefinitionSchemas::test_machine_definition_jsonb_validation FAILED [ 49%]
tests/models/test_domain/test_machine_definition.py::TestMachineDefinitionSchemas::test_machine_definition_category_types PASSED [ 50%]
tests/models/test_domain/test_machine_definition.py::TestMachineDefinitionSchemas::test_machine_definition_physical_dimensions PASSED [ 50%]
tests/models/test_domain/test_machine_definition.py::TestMachineDefinitionSchemas::test_machine_definition_with_deck_flag PASSED [ 50%]
tests/models/test_domain/test_parameter_definition.py::test_parameter_definition_orm_creation_minimal FAILED [ 51%]
tests/models/test_domain/test_parameter_definition.py::test_parameter_definition_orm_creation_with_all_fields PASSED [ 51%]
tests/models/test_domain/test_parameter_definition.py::test_parameter_definition_orm_persist_to_database PASSED [ 51%]
tests/models/test_domain/test_parameter_definition.py::test_parameter_definition_orm_unique_constraint FAILED [ 52%]
tests/models/test_domain/test_parameter_definition.py::test_parameter_definition_orm_deck_param_flag PASSED [ 52%]
tests/models/test_domain/test_parameter_definition.py::test_parameter_definition_orm_optional_flag PASSED [ 52%]
tests/models/test_domain/test_parameter_definition.py::test_parameter_definition_orm_jsonb_constraints PASSED [ 53%]
tests/models/test_domain/test_parameter_definition.py::test_parameter_definition_orm_jsonb_ui_hint PASSED [ 53%]
tests/models/test_domain/test_parameter_definition.py::test_parameter_definition_orm_relationship_to_protocol PASSED [ 53%]
tests/models/test_domain/test_parameter_definition.py::test_parameter_definition_orm_query_by_protocol PASSED [ 54%]
tests/models/test_domain/test_parameter_definition.py::test_parameter_definition_orm_repr PASSED [ 54%]
tests/models/test_domain/test_protocol_run.py::test_protocol_run_creation_minimal ERROR [ 54%]
tests/models/test_domain/test_protocol_run.py::test_protocol_run_creation_with_all_fields ERROR [ 55%]
tests/models/test_domain/test_protocol_run.py::test_protocol_run_persist_to_database ERROR [ 55%]
tests/models/test_domain/test_protocol_run.py::test_protocol_run_status_transitions ERROR [ 55%]
tests/models/test_domain/test_protocol_run.py::test_protocol_run_timing_fields ERROR [ 56%]
tests/models/test_domain/test_protocol_run.py::test_protocol_run_input_parameters_jsonb ERROR [ 56%]
tests/models/test_domain/test_protocol_run.py::test_protocol_run_resolved_assets_jsonb ERROR [ 56%]
tests/models/test_domain/test_protocol_run.py::test_protocol_run_output_data_jsonb ERROR [ 57%]
tests/models/test_domain/test_protocol_run.py::test_protocol_run_state_jsonb ERROR [ 57%]
tests/models/test_domain/test_protocol_run.py::test_protocol_run_data_directory_path ERROR [ 57%]
tests/models/test_domain/test_protocol_run.py::test_protocol_run_created_by_user_jsonb ERROR [ 58%]
tests/models/test_domain/test_protocol_run.py::test_protocol_run_continuation_chain ERROR [ 58%]
tests/models/test_domain/test_protocol_run.py::test_protocol_run_query_by_status ERROR [ 58%]
tests/models/test_domain/test_protocol_run.py::test_protocol_run_query_by_protocol ERROR [ 59%]
tests/models/test_domain/test_protocol_run.py::test_protocol_run_repr ERROR [ 59%]
tests/models/test_domain/test_protocol_source_repository.py::test_protocol_source_repository_orm_creation_minimal FAILED [ 59%]
tests/models/test_domain/test_protocol_source_repository.py::test_protocol_source_repository_orm_creation_with_all_fields FAILED [ 60%]
tests/models/test_domain/test_protocol_source_repository.py::test_protocol_source_repository_orm_persist_to_database FAILED [ 60%]
tests/models/test_domain/test_protocol_source_repository.py::test_protocol_source_repository_orm_unique_name_constraint FAILED [ 60%]
tests/models/test_domain/test_protocol_source_repository.py::test_protocol_source_repository_orm_status_transitions FAILED [ 60%]
tests/models/test_domain/test_protocol_source_repository.py::test_protocol_source_repository_orm_auto_sync_flag PASSED [ 61%]
tests/models/test_domain/test_protocol_source_repository.py::test_protocol_source_repository_orm_query_by_name FAILED [ 61%]
tests/models/test_domain/test_protocol_source_repository.py::test_protocol_source_repository_orm_update_commit_hash FAILED [ 61%]
tests/models/test_domain/test_protocol_source_repository.py::test_protocol_source_repository_orm_repr PASSED [ 62%]
tests/models/test_domain/test_resource.py::test_resource_orm_creation_with_defaults PASSED [ 62%]
tests/models/test_domain/test_resource.py::test_resource_orm_persist_to_database PASSED [ 62%]
tests/models/test_domain/test_resource.py::test_resource_orm_unique_name_constraint PASSED [ 63%]
tests/models/test_domain/test_resource.py::test_resource_orm_status_enum_values PASSED [ 63%]
tests/models/test_domain/test_resource.py::test_resource_orm_parent_child_relationship PASSED [ 63%]
tests/models/test_domain/test_resource.py::test_resource_orm_with_workcell_relationship PASSED [ 64%]
tests/models/test_domain/test_resource.py::test_resource_orm_plr_state_json PASSED [ 64%]
tests/models/test_domain/test_resource.py::TestResourceSchemas::test_resource_base_minimal FAILED [ 64%]
tests/models/test_domain/test_resource.py::TestResourceSchemas::test_resource_base_with_all_fields FAILED [ 65%]
tests/models/test_domain/test_resource.py::TestResourceSchemas::test_resource_create_inherits_from_base PASSED [ 65%]
tests/models/test_domain/test_resource.py::TestResourceSchemas::test_resource_update_all_fields_optional PASSED [ 65%]
tests/models/test_domain/test_resource.py::TestResourceSchemas::test_resource_response_serialization_to_dict PASSED [ 66%]
tests/models/test_domain/test_resource.py::TestResourceSchemas::test_resource_response_serialization_to_json PASSED [ 66%]
tests/models/test_domain/test_resource.py::TestResourceSchemas::test_resource_response_deserialization_from_dict FAILED [ 66%]
tests/models/test_domain/test_resource.py::TestResourceSchemas::test_resource_response_status_enum_validation PASSED [ 67%]
tests/models/test_domain/test_resource.py::TestResourceSchemas::test_resource_response_roundtrip_serialization PASSED [ 67%]
tests/models/test_domain/test_resource.py::TestResourceSchemas::test_resource_response_from_model PASSED [ 67%]
tests/models/test_domain/test_resource.py::TestResourceSchemas::test_resource_response_from_orm_minimal FAILED [ 68%]
tests/models/test_domain/test_resource_definition.py::test_resource_definition_orm_creation_minimal PASSED [ 68%]
tests/models/test_domain/test_resource_definition.py::test_resource_definition_orm_with_all_fields PASSED [ 68%]
tests/models/test_domain/test_resource_definition.py::test_resource_definition_orm_persist_to_database PASSED [ 69%]
tests/models/test_domain/test_resource_definition.py::test_resource_definition_orm_unique_fqn_constraint PASSED [ 69%]
tests/models/test_domain/test_resource_definition.py::test_resource_definition_orm_non_unique_name PASSED [ 69%]
tests/models/test_domain/test_resource_definition.py::test_resource_definition_orm_jsonb_fields PASSED [ 70%]
tests/models/test_domain/test_resource_definition.py::test_resource_definition_orm_consumable_flag PASSED [ 70%]
tests/models/test_domain/test_resource_definition.py::test_resource_definition_orm_dimensions PASSED [ 70%]
tests/models/test_domain/test_resource_definition.py::test_resource_definition_orm_with_volume PASSED [ 71%]
tests/models/test_domain/test_resource_definition.py::TestResourceDefinitionSchemas::test_resource_definition_base_minimal FAILED [ 71%]
tests/models/test_domain/test_resource_definition.py::TestResourceDefinitionSchemas::test_resource_definition_base_with_all_fields FAILED [ 71%]
tests/models/test_domain/test_resource_definition.py::TestResourceDefinitionSchemas::test_resource_definition_create PASSED [ 72%]
tests/models/test_domain/test_resource_definition.py::TestResourceDefinitionSchemas::test_resource_definition_update PASSED [ 72%]
tests/models/test_domain/test_resource_definition.py::TestResourceDefinitionSchemas::test_resource_definition_response_serialization_to_dict PASSED [ 72%]
tests/models/test_domain/test_resource_definition.py::TestResourceDefinitionSchemas::test_resource_definition_response_serialization_to_json PASSED [ 73%]
tests/models/test_domain/test_resource_definition.py::TestResourceDefinitionSchemas::test_resource_definition_response_deserialization_from_dict PASSED [ 73%]
tests/models/test_domain/test_resource_definition.py::TestResourceDefinitionSchemas::test_resource_definition_response_roundtrip_serialization PASSED [ 73%]
tests/models/test_domain/test_resource_definition.py::TestResourceDefinitionSchemas::test_resource_definition_response_from_model PASSED [ 74%]
tests/models/test_domain/test_resource_definition.py::TestResourceDefinitionSchemas::test_resource_definition_response_from_orm_minimal PASSED [ 74%]
tests/models/test_domain/test_resource_definition.py::TestResourceDefinitionSchemas::test_resource_definition_jsonb_validation PASSED [ 74%]
tests/models/test_domain/test_resource_definition.py::TestResourceDefinitionSchemas::test_resource_definition_consumable_types PASSED [ 75%]
tests/models/test_domain/test_resource_definition.py::TestResourceDefinitionSchemas::test_resource_definition_physical_dimensions PASSED [ 75%]
tests/models/test_domain/test_schedule_entry.py::test_schedule_entry_orm_creation_minimal ERROR [ 75%]
tests/models/test_domain/test_schedule_entry.py::test_schedule_entry_orm_creation_with_all_fields ERROR [ 76%]
tests/models/test_domain/test_schedule_entry.py::test_schedule_entry_orm_persist_to_database ERROR [ 76%]
tests/models/test_domain/test_schedule_entry.py::test_schedule_entry_orm_status_transitions ERROR [ 76%]
tests/models/test_domain/test_schedule_entry.py::test_schedule_entry_orm_priority_ordering ERROR [ 77%]
tests/models/test_domain/test_schedule_entry.py::test_schedule_entry_orm_timestamp_fields ERROR [ 77%]
tests/models/test_domain/test_schedule_entry.py::test_schedule_entry_orm_asset_requirements_jsonb ERROR [ 77%]
tests/models/test_domain/test_schedule_entry.py::test_schedule_entry_orm_celery_integration ERROR [ 78%]
tests/models/test_domain/test_schedule_entry.py::test_schedule_entry_orm_retry_logic ERROR [ 78%]
tests/models/test_domain/test_schedule_entry.py::test_schedule_entry_orm_user_params_jsonb ERROR [ 78%]
tests/models/test_domain/test_schedule_entry.py::test_schedule_entry_orm_relationship_to_protocol_run ERROR [ 79%]
tests/models/test_domain/test_schedule_entry.py::test_schedule_entry_orm_query_by_status ERROR [ 79%]
tests/models/test_domain/test_schedule_entry.py::test_schedule_entry_orm_query_ready_entries ERROR [ 79%]
tests/models/test_domain/test_schedule_history.py::test_schedule_history_orm_creation_minimal ERROR [ 80%]
tests/models/test_domain/test_schedule_history.py::test_schedule_history_orm_creation_with_all_fields ERROR [ 80%]
tests/models/test_domain/test_schedule_history.py::test_schedule_history_orm_persist_to_database ERROR [ 80%]
tests/models/test_domain/test_schedule_history.py::test_schedule_history_orm_all_event_types ERROR [ 80%]
tests/models/test_domain/test_schedule_history.py::test_schedule_history_orm_status_transitions ERROR [ 81%]
tests/models/test_domain/test_schedule_history.py::test_schedule_history_orm_event_timing ERROR [ 81%]
tests/models/test_domain/test_schedule_history.py::test_schedule_history_orm_event_data_jsonb ERROR [ 81%]
tests/models/test_domain/test_schedule_history.py::test_schedule_history_orm_error_tracking ERROR [ 82%]
tests/models/test_domain/test_schedule_history.py::test_schedule_history_orm_all_trigger_types ERROR [ 82%]
tests/models/test_domain/test_schedule_history.py::test_schedule_history_orm_asset_count_tracking ERROR [ 82%]
tests/models/test_domain/test_schedule_history.py::test_schedule_history_orm_relationship_to_schedule_entry ERROR [ 83%]
tests/models/test_domain/test_schedule_history.py::test_schedule_history_orm_query_by_event_type ERROR [ 83%]
tests/models/test_domain/test_schedule_history.py::test_schedule_history_orm_query_by_time_range ERROR [ 83%]
tests/models/test_domain/test_schedule_history.py::test_schedule_history_orm_cascade_delete ERROR [ 84%]
tests/models/test_domain/test_sqlmodel_base.py::test_praxis_base_defaults FAILED [ 84%]
tests/models/test_domain/test_sqlmodel_base.py::test_praxis_base_serialization PASSED [ 84%]
tests/models/test_domain/test_sqlmodel_base.py::test_json_field_helper PASSED [ 85%]
tests/models/test_domain/test_sqlmodel_base.py::test_sqlmodel_metadata_registration FAILED [ 85%]
tests/models/test_domain/test_user.py::test_user_orm_creation_minimal PASSED [ 85%]
tests/models/test_domain/test_user.py::test_user_orm_creation_with_all_fields PASSED [ 86%]
tests/models/test_domain/test_user.py::test_user_orm_persist_to_database PASSED [ 86%]
tests/models/test_domain/test_user.py::test_user_orm_unique_username_constraint PASSED [ 86%]
tests/models/test_domain/test_user.py::test_user_orm_unique_email_constraint PASSED [ 87%]
tests/models/test_domain/test_user.py::test_user_orm_is_active_flag PASSED [ 87%]
tests/models/test_domain/test_user.py::test_user_orm_phone_fields PASSED [ 87%]
tests/models/test_domain/test_user.py::test_user_orm_repr PASSED         [ 88%]
tests/models/test_domain/test_user.py::test_user_orm_query_by_username PASSED [ 88%]
tests/models/test_domain/test_user.py::test_user_orm_query_by_email PASSED [ 88%]
tests/models/test_domain/test_user.py::TestUserSchemas::test_user_base_minimal PASSED [ 89%]
tests/models/test_domain/test_user.py::TestUserSchemas::test_user_base_with_all_fields PASSED [ 89%]
tests/models/test_domain/test_user.py::TestUserSchemas::test_user_create_with_password PASSED [ 89%]
tests/models/test_domain/test_user.py::TestUserSchemas::test_user_create_password_required PASSED [ 90%]
tests/models/test_domain/test_user.py::TestUserSchemas::test_user_update_all_fields_optional PASSED [ 90%]
tests/models/test_domain/test_user.py::TestUserSchemas::test_user_update_with_password PASSED [ 90%]
tests/models/test_domain/test_user.py::TestUserSchemas::test_user_response_serialization_to_dict PASSED [ 91%]
tests/models/test_domain/test_user.py::TestUserSchemas::test_user_response_serialization_to_json PASSED [ 91%]
tests/models/test_domain/test_user.py::TestUserSchemas::test_user_response_deserialization_from_dict PASSED [ 91%]
tests/models/test_domain/test_user.py::TestUserSchemas::test_user_response_roundtrip_serialization PASSED [ 92%]
tests/models/test_domain/test_user.py::TestUserSchemas::test_user_response_from_model PASSED [ 92%]
tests/models/test_domain/test_user.py::TestUserSchemas::test_user_response_from_orm_minimal PASSED [ 92%]
tests/models/test_domain/test_user.py::TestUserSchemas::test_user_base_inactive_user PASSED [ 93%]
tests/models/test_domain/test_user.py::TestUserSchemas::test_user_create_inactive_user PASSED [ 93%]
tests/models/test_domain/test_user.py::TestUserSchemas::test_user_response_does_not_expose_password PASSED [ 93%]
tests/models/test_domain/test_well_data_output.py::test_well_data_output_orm_creation_minimal ERROR [ 94%]
tests/models/test_domain/test_well_data_output.py::test_well_data_output_orm_creation_all_fields ERROR [ 94%]
tests/models/test_domain/test_well_data_output.py::test_well_data_output_orm_persistence ERROR [ 94%]
tests/models/test_domain/test_well_data_output.py::test_well_data_output_orm_relationships ERROR [ 95%]
tests/models/test_domain/test_workcell.py::test_workcell_orm_creation_with_defaults PASSED [ 95%]
tests/models/test_domain/test_workcell.py::test_workcell_orm_persist_to_database PASSED [ 95%]
tests/models/test_domain/test_workcell.py::test_workcell_orm_unique_name_constraint FAILED [ 96%]
tests/models/test_domain/test_workcell.py::test_workcell_orm_relationships_empty_by_default FAILED [ 96%]
tests/models/test_domain/test_workcell.py::test_workcell_orm_with_custom_status PASSED [ 96%]
tests/models/test_domain/test_workcell.py::TestWorkcellSchemas::test_workcell_base_minimal FAILED [ 97%]
tests/models/test_domain/test_workcell.py::TestWorkcellSchemas::test_workcell_base_with_all_fields FAILED [ 97%]
tests/models/test_domain/test_workcell.py::TestWorkcellSchemas::test_workcell_create_inherits_from_base FAILED [ 97%]
tests/models/test_domain/test_workcell.py::TestWorkcellSchemas::test_workcell_update_all_fields_optional PASSED [ 98%]
tests/models/test_domain/test_workcell.py::TestWorkcellSchemas::test_workcell_response_serialization_to_dict FAILED [ 98%]
tests/models/test_domain/test_workcell.py::TestWorkcellSchemas::test_workcell_response_serialization_to_json FAILED [ 98%]
tests/models/test_domain/test_workcell.py::TestWorkcellSchemas::test_workcell_response_deserialization_from_dict FAILED [ 99%]
tests/models/test_domain/test_workcell.py::TestWorkcellSchemas::test_workcell_response_enum_validation FAILED [ 99%]
tests/models/test_domain/test_workcell.py::TestWorkcellSchemas::test_workcell_response_roundtrip_serialization FAILED [ 99%]
tests/models/test_domain/test_workcell.py::TestWorkcellSchemas::test_workcell_response_from_model PASSED [100%]/Users/mar/Projects/pylabpraxis/.venv/lib/python3.13/site-packages/coverage/report_core.py:113: CoverageWarning: Couldn't parse '/Users/mar/Projects/pylabpraxis/praxis/backend/models/domain/user.py': Couldn't use data file '/Users/mar/Projects/pylabpraxis/.coverage': no such table: tracer (couldnt-parse); see https://coverage.readthedocs.io/en/7.11.0/messages.html#warning-couldnt-parse
  coverage._warn(msg, slug="couldnt-parse")
/Users/mar/Projects/pylabpraxis/.venv/lib/python3.13/site-packages/coverage/report_core.py:113: CoverageWarning: Couldn't parse '/Users/mar/Projects/pylabpraxis/praxis/backend/models/domain/workcell.py': Couldn't use data file '/Users/mar/Projects/pylabpraxis/.coverage': no such table: tracer (couldnt-parse); see https://coverage.readthedocs.io/en/7.11.0/messages.html#warning-couldnt-parse
  coverage._warn(msg, slug="couldnt-parse")
/Users/mar/Projects/pylabpraxis/.venv/lib/python3.13/site-packages/coverage/report_core.py:113: CoverageWarning: Couldn't parse '/Users/mar/Projects/pylabpraxis/praxis/backend/models/enums/__init__.py': Couldn't use data file '/Users/mar/Projects/pylabpraxis/.coverage': no such table: tracer (couldnt-parse); see https://coverage.readthedocs.io/en/7.11.0/messages.html#warning-couldnt-parse
  coverage._warn(msg, slug="couldnt-parse")
/Users/mar/Projects/pylabpraxis/.venv/lib/python3.13/site-packages/coverage/report_core.py:113: CoverageWarning: Couldn't parse '/Users/mar/Projects/pylabpraxis/praxis/backend/models/enums/asset.py': Couldn't use data file '/Users/mar/Projects/pylabpraxis/.coverage': no such table: tracer (couldnt-parse); see https://coverage.readthedocs.io/en/7.11.0/messages.html#warning-couldnt-parse
  coverage._warn(msg, slug="couldnt-parse")
/Users/mar/Projects/pylabpraxis/.venv/lib/python3.13/site-packages/coverage/report_core.py:113: CoverageWarning: Couldn't parse '/Users/mar/Projects/pylabpraxis/praxis/backend/models/enums/machine.py': Couldn't use data file '/Users/mar/Projects/pylabpraxis/.coverage': no such table: tracer (couldnt-parse); see https://coverage.readthedocs.io/en/7.11.0/messages.html#warning-couldnt-parse
  coverage._warn(msg, slug="couldnt-parse")
/Users/mar/Projects/pylabpraxis/.venv/lib/python3.13/site-packages/coverage/report_core.py:113: CoverageWarning: Couldn't parse '/Users/mar/Projects/pylabpraxis/praxis/backend/models/enums/outputs.py': Couldn't use data file '/Users/mar/Projects/pylabpraxis/.coverage': no such table: tracer (couldnt-parse); see https://coverage.readthedocs.io/en/7.11.0/messages.html#warning-couldnt-parse
  coverage._warn(msg, slug="couldnt-parse")
/Users/mar/Projects/pylabpraxis/.venv/lib/python3.13/site-packages/coverage/report_core.py:113: CoverageWarning: Couldn't parse '/Users/mar/Projects/pylabpraxis/praxis/backend/models/enums/plr_category.py': Couldn't use data file '/Users/mar/Projects/pylabpraxis/.coverage': no such table: tracer (couldnt-parse); see https://coverage.readthedocs.io/en/7.11.0/messages.html#warning-couldnt-parse
  coverage._warn(msg, slug="couldnt-parse")
/Users/mar/Projects/pylabpraxis/.venv/lib/python3.13/site-packages/coverage/report_core.py:113: CoverageWarning: Couldn't parse '/Users/mar/Projects/pylabpraxis/praxis/backend/models/enums/protocol.py': Couldn't use data file '/Users/mar/Projects/pylabpraxis/.coverage': no such table: tracer (couldnt-parse); see https://coverage.readthedocs.io/en/7.11.0/messages.html#warning-couldnt-parse
  coverage._warn(msg, slug="couldnt-parse")
/Users/mar/Projects/pylabpraxis/.venv/lib/python3.13/site-packages/coverage/report_core.py:113: CoverageWarning: Couldn't parse '/Users/mar/Projects/pylabpraxis/praxis/backend/models/enums/resolution.py': Couldn't use data file '/Users/mar/Projects/pylabpraxis/.coverage': no such table: tracer (couldnt-parse); see https://coverage.readthedocs.io/en/7.11.0/messages.html#warning-couldnt-parse
  coverage._warn(msg, slug="couldnt-parse")
/Users/mar/Projects/pylabpraxis/.venv/lib/python3.13/site-packages/coverage/report_core.py:113: CoverageWarning: Couldn't parse '/Users/mar/Projects/pylabpraxis/praxis/backend/models/enums/resource.py': Couldn't use data file '/Users/mar/Projects/pylabpraxis/.coverage': no such table: tracer (couldnt-parse); see https://coverage.readthedocs.io/en/7.11.0/messages.html#warning-couldnt-parse
  coverage._warn(msg, slug="couldnt-parse")
/Users/mar/Projects/pylabpraxis/.venv/lib/python3.13/site-packages/coverage/report_core.py:113: CoverageWarning: Couldn't parse '/Users/mar/Projects/pylabpraxis/praxis/backend/models/enums/schedule.py': Couldn't use data file '/Users/mar/Projects/pylabpraxis/.coverage': no such table: tracer (couldnt-parse); see https://coverage.readthedocs.io/en/7.11.0/messages.html#warning-couldnt-parse
  coverage._warn(msg, slug="couldnt-parse")
/Users/mar/Projects/pylabpraxis/.venv/lib/python3.13/site-packages/coverage/report_core.py:113: CoverageWarning: Couldn't parse '/Users/mar/Projects/pylabpraxis/praxis/backend/models/enums/workcell.py': Couldn't use data file '/Users/mar/Projects/pylabpraxis/.coverage': no such table: tracer (couldnt-parse); see https://coverage.readthedocs.io/en/7.11.0/messages.html#warning-couldnt-parse
  coverage._warn(msg, slug="couldnt-parse")
/Users/mar/Projects/pylabpraxis/.venv/lib/python3.13/site-packages/coverage/report_core.py:113: CoverageWarning: Couldn't parse '/Users/mar/Projects/pylabpraxis/praxis/backend/models/pydantic_internals/__init__.py': Couldn't use data file '/Users/mar/Projects/pylabpraxis/.coverage': no such table: tracer (couldnt-parse); see https://coverage.readthedocs.io/en/7.11.0/messages.html#warning-couldnt-parse
  coverage._warn(msg, slug="couldnt-parse")
/Users/mar/Projects/pylabpraxis/.venv/lib/python3.13/site-packages/coverage/report_core.py:113: CoverageWarning: Couldn't parse '/Users/mar/Projects/pylabpraxis/praxis/backend/models/pydantic_internals/maintenance.py': Couldn't use data file '/Users/mar/Projects/pylabpraxis/.coverage': no such table: tracer (couldnt-parse); see https://coverage.readthedocs.io/en/7.11.0/messages.html#warning-couldnt-parse
  coverage._warn(msg, slug="couldnt-parse")
/Users/mar/Projects/pylabpraxis/.venv/lib/python3.13/site-packages/coverage/report_core.py:113: CoverageWarning: Couldn't parse '/Users/mar/Projects/pylabpraxis/praxis/backend/models/pydantic_internals/plr_sync.py': Couldn't use data file '/Users/mar/Projects/pylabpraxis/.coverage': no such table: tracer (couldnt-parse); see https://coverage.readthedocs.io/en/7.11.0/messages.html#warning-couldnt-parse
  coverage._warn(msg, slug="couldnt-parse")
/Users/mar/Projects/pylabpraxis/.venv/lib/python3.13/site-packages/coverage/report_core.py:113: CoverageWarning: Couldn't parse '/Users/mar/Projects/pylabpraxis/praxis/backend/models/pydantic_internals/pydantic_base.py': Couldn't use data file '/Users/mar/Projects/pylabpraxis/.coverage': no such table: tracer (couldnt-parse); see https://coverage.readthedocs.io/en/7.11.0/messages.html#warning-couldnt-parse
  coverage._warn(msg, slug="couldnt-parse")
/Users/mar/Projects/pylabpraxis/.venv/lib/python3.13/site-packages/coverage/report_core.py:113: CoverageWarning: Couldn't parse '/Users/mar/Projects/pylabpraxis/praxis/backend/models/pydantic_internals/runtime.py': Couldn't use data file '/Users/mar/Projects/pylabpraxis/.coverage': no such table: tracer (couldnt-parse); see https://coverage.readthedocs.io/en/7.11.0/messages.html#warning-couldnt-parse
  coverage._warn(msg, slug="couldnt-parse")
/Users/mar/Projects/pylabpraxis/.venv/lib/python3.13/site-packages/coverage/report_core.py:113: CoverageWarning: Couldn't parse '/Users/mar/Projects/pylabpraxis/praxis/backend/services/__init__.py': Couldn't use data file '/Users/mar/Projects/pylabpraxis/.coverage': no such table: tracer (couldnt-parse); see https://coverage.readthedocs.io/en/7.11.0/messages.html#warning-couldnt-parse
  coverage._warn(msg, slug="couldnt-parse")
/Users/mar/Projects/pylabpraxis/.venv/lib/python3.13/site-packages/coverage/report_core.py:113: CoverageWarning: Couldn't parse '/Users/mar/Projects/pylabpraxis/praxis/backend/services/async_state.py': Couldn't use data file '/Users/mar/Projects/pylabpraxis/.coverage': no such table: tracer (couldnt-parse); see https://coverage.readthedocs.io/en/7.11.0/messages.html#warning-couldnt-parse
  coverage._warn(msg, slug="couldnt-parse")
/Users/mar/Projects/pylabpraxis/.venv/lib/python3.13/site-packages/coverage/report_core.py:113: CoverageWarning: Couldn't parse '/Users/mar/Projects/pylabpraxis/praxis/backend/services/capability_matcher.py': Couldn't use data file '/Users/mar/Projects/pylabpraxis/.coverage': no such table: tracer (couldnt-parse); see https://coverage.readthedocs.io/en/7.11.0/messages.html#warning-couldnt-parse
  coverage._warn(msg, slug="couldnt-parse")
/Users/mar/Projects/pylabpraxis/.venv/lib/python3.13/site-packages/coverage/report_core.py:113: CoverageWarning: Couldn't parse '/Users/mar/Projects/pylabpraxis/praxis/backend/services/deck.py': Couldn't use data file '/Users/mar/Projects/pylabpraxis/.coverage': no such table: tracer (couldnt-parse); see https://coverage.readthedocs.io/en/7.11.0/messages.html#warning-couldnt-parse
  coverage._warn(msg, slug="couldnt-parse")
/Users/mar/Projects/pylabpraxis/.venv/lib/python3.13/site-packages/coverage/report_core.py:113: CoverageWarning: Couldn't parse '/Users/mar/Projects/pylabpraxis/praxis/backend/services/deck_type_definition.py': Couldn't use data file '/Users/mar/Projects/pylabpraxis/.coverage': no such table: tracer (couldnt-parse); see https://coverage.readthedocs.io/en/7.11.0/messages.html#warning-couldnt-parse
  coverage._warn(msg, slug="couldnt-parse")
/Users/mar/Projects/pylabpraxis/.venv/lib/python3.13/site-packages/coverage/report_core.py:113: CoverageWarning: Couldn't parse '/Users/mar/Projects/pylabpraxis/praxis/backend/services/discovery_service.py': Couldn't use data file '/Users/mar/Projects/pylabpraxis/.coverage': no such table: tracer (couldnt-parse); see https://coverage.readthedocs.io/en/7.11.0/messages.html#warning-couldnt-parse
  coverage._warn(msg, slug="couldnt-parse")
/Users/mar/Projects/pylabpraxis/.venv/lib/python3.13/site-packages/coverage/report_core.py:113: CoverageWarning: Couldn't parse '/Users/mar/Projects/pylabpraxis/praxis/backend/services/entity_linking.py': Couldn't use data file '/Users/mar/Projects/pylabpraxis/.coverage': no such table: tracer (couldnt-parse); see https://coverage.readthedocs.io/en/7.11.0/messages.html#warning-couldnt-parse
  coverage._warn(msg, slug="couldnt-parse")
/Users/mar/Projects/pylabpraxis/.venv/lib/python3.13/site-packages/coverage/report_core.py:113: CoverageWarning: Couldn't parse '/Users/mar/Projects/pylabpraxis/praxis/backend/services/hardware_connection_manager.py': Couldn't use data file '/Users/mar/Projects/pylabpraxis/.coverage': no such table: tracer (couldnt-parse); see https://coverage.readthedocs.io/en/7.11.0/messages.html#warning-couldnt-parse
  coverage._warn(msg, slug="couldnt-parse")
/Users/mar/Projects/pylabpraxis/.venv/lib/python3.13/site-packages/coverage/report_core.py:113: CoverageWarning: Couldn't parse '/Users/mar/Projects/pylabpraxis/praxis/backend/services/hardware_discovery.py': Couldn't use data file '/Users/mar/Projects/pylabpraxis/.coverage': no such table: tracer (couldnt-parse); see https://coverage.readthedocs.io/en/7.11.0/messages.html#warning-couldnt-parse
  coverage._warn(msg, slug="couldnt-parse")
/Users/mar/Projects/pylabpraxis/.venv/lib/python3.13/site-packages/coverage/report_core.py:113: CoverageWarning: Couldn't parse '/Users/mar/Projects/pylabpraxis/praxis/backend/services/machine.py': Couldn't use data file '/Users/mar/Projects/pylabpraxis/.coverage': no such table: tracer (couldnt-parse); see https://coverage.readthedocs.io/en/7.11.0/messages.html#warning-couldnt-parse
  coverage._warn(msg, slug="couldnt-parse")
/Users/mar/Projects/pylabpraxis/.venv/lib/python3.13/site-packages/coverage/report_core.py:113: CoverageWarning: Couldn't parse '/Users/mar/Projects/pylabpraxis/praxis/backend/services/machine_type_definition.py': Couldn't use data file '/Users/mar/Projects/pylabpraxis/.coverage': no such table: tracer (couldnt-parse); see https://coverage.readthedocs.io/en/7.11.0/messages.html#warning-couldnt-parse
  coverage._warn(msg, slug="couldnt-parse")
/Users/mar/Projects/pylabpraxis/.venv/lib/python3.13/site-packages/coverage/report_core.py:113: CoverageWarning: Couldn't parse '/Users/mar/Projects/pylabpraxis/praxis/backend/services/mock_data_generator.py': Couldn't use data file '/Users/mar/Projects/pylabpraxis/.coverage': no such table: tracer (couldnt-parse); see https://coverage.readthedocs.io/en/7.11.0/messages.html#warning-couldnt-parse
  coverage._warn(msg, slug="couldnt-parse")
/Users/mar/Projects/pylabpraxis/.venv/lib/python3.13/site-packages/coverage/report_core.py:113: CoverageWarning: Couldn't parse '/Users/mar/Projects/pylabpraxis/praxis/backend/services/outputs.py': Couldn't use data file '/Users/mar/Projects/pylabpraxis/.coverage': no such table: tracer (couldnt-parse); see https://coverage.readthedocs.io/en/7.11.0/messages.html#warning-couldnt-parse
  coverage._warn(msg, slug="couldnt-parse")
/Users/mar/Projects/pylabpraxis/.venv/lib/python3.13/site-packages/coverage/report_core.py:113: CoverageWarning: Couldn't parse '/Users/mar/Projects/pylabpraxis/praxis/backend/services/plate_parsing.py': Couldn't use data file '/Users/mar/Projects/pylabpraxis/.coverage': no such table: tracer (couldnt-parse); see https://coverage.readthedocs.io/en/7.11.0/messages.html#warning-couldnt-parse
  coverage._warn(msg, slug="couldnt-parse")
/Users/mar/Projects/pylabpraxis/.venv/lib/python3.13/site-packages/coverage/report_core.py:113: CoverageWarning: Couldn't parse '/Users/mar/Projects/pylabpraxis/praxis/backend/services/plate_viz.py': Couldn't use data file '/Users/mar/Projects/pylabpraxis/.coverage': no such table: tracer (couldnt-parse); see https://coverage.readthedocs.io/en/7.11.0/messages.html#warning-couldnt-parse
  coverage._warn(msg, slug="couldnt-parse")
/Users/mar/Projects/pylabpraxis/.venv/lib/python3.13/site-packages/coverage/report_core.py:113: CoverageWarning: Couldn't parse '/Users/mar/Projects/pylabpraxis/praxis/backend/services/plr_type_base.py': Couldn't use data file '/Users/mar/Projects/pylabpraxis/.coverage': no such table: tracer (couldnt-parse); see https://coverage.readthedocs.io/en/7.11.0/messages.html#warning-couldnt-parse
  coverage._warn(msg, slug="couldnt-parse")
/Users/mar/Projects/pylabpraxis/.venv/lib/python3.13/site-packages/coverage/report_core.py:113: CoverageWarning: Couldn't parse '/Users/mar/Projects/pylabpraxis/praxis/backend/services/praxis_orm_service.py': Couldn't use data file '/Users/mar/Projects/pylabpraxis/.coverage': no such table: tracer (couldnt-parse); see https://coverage.readthedocs.io/en/7.11.0/messages.html#warning-couldnt-parse
  coverage._warn(msg, slug="couldnt-parse")
/Users/mar/Projects/pylabpraxis/.venv/lib/python3.13/site-packages/coverage/report_core.py:113: CoverageWarning: Couldn't parse '/Users/mar/Projects/pylabpraxis/praxis/backend/services/protocol_definition.py': Couldn't use data file '/Users/mar/Projects/pylabpraxis/.coverage': no such table: tracer (couldnt-parse); see https://coverage.readthedocs.io/en/7.11.0/messages.html#warning-couldnt-parse
  coverage._warn(msg, slug="couldnt-parse")
/Users/mar/Projects/pylabpraxis/.venv/lib/python3.13/site-packages/coverage/report_core.py:113: CoverageWarning: Couldn't parse '/Users/mar/Projects/pylabpraxis/praxis/backend/services/protocol_output_data.py': Couldn't use data file '/Users/mar/Projects/pylabpraxis/.coverage': no such table: tracer (couldnt-parse); see https://coverage.readthedocs.io/en/7.11.0/messages.html#warning-couldnt-parse
  coverage._warn(msg, slug="couldnt-parse")
/Users/mar/Projects/pylabpraxis/.venv/lib/python3.13/site-packages/coverage/report_core.py:113: CoverageWarning: Couldn't parse '/Users/mar/Projects/pylabpraxis/praxis/backend/services/protocols.py': Couldn't use data file '/Users/mar/Projects/pylabpraxis/.coverage': no such table: tracer (couldnt-parse); see https://coverage.readthedocs.io/en/7.11.0/messages.html#warning-couldnt-parse
  coverage._warn(msg, slug="couldnt-parse")
/Users/mar/Projects/pylabpraxis/.venv/lib/python3.13/site-packages/coverage/report_core.py:113: CoverageWarning: Couldn't parse '/Users/mar/Projects/pylabpraxis/praxis/backend/services/resource.py': Couldn't use data file '/Users/mar/Projects/pylabpraxis/.coverage': no such table: tracer (couldnt-parse); see https://coverage.readthedocs.io/en/7.11.0/messages.html#warning-couldnt-parse
  coverage._warn(msg, slug="couldnt-parse")
/Users/mar/Projects/pylabpraxis/.venv/lib/python3.13/site-packages/coverage/report_core.py:113: CoverageWarning: Couldn't parse '/Users/mar/Projects/pylabpraxis/praxis/backend/services/resource_type_definition.py': Couldn't use data file '/Users/mar/Projects/pylabpraxis/.coverage': no such table: tracer (couldnt-parse); see https://coverage.readthedocs.io/en/7.11.0/messages.html#warning-couldnt-parse
  coverage._warn(msg, slug="couldnt-parse")
/Users/mar/Projects/pylabpraxis/.venv/lib/python3.13/site-packages/coverage/report_core.py:113: CoverageWarning: Couldn't parse '/Users/mar/Projects/pylabpraxis/praxis/backend/services/scheduler.py': Couldn't use data file '/Users/mar/Projects/pylabpraxis/.coverage': no such table: tracer (couldnt-parse); see https://coverage.readthedocs.io/en/7.11.0/messages.html#warning-couldnt-parse
  coverage._warn(msg, slug="couldnt-parse")
/Users/mar/Projects/pylabpraxis/.venv/lib/python3.13/site-packages/coverage/report_core.py:113: CoverageWarning: Couldn't parse '/Users/mar/Projects/pylabpraxis/praxis/backend/services/simulation_service.py': Couldn't use data file '/Users/mar/Projects/pylabpraxis/.coverage': no such table: tracer (couldnt-parse); see https://coverage.readthedocs.io/en/7.11.0/messages.html#warning-couldnt-parse
  coverage._warn(msg, slug="couldnt-parse")
/Users/mar/Projects/pylabpraxis/.venv/lib/python3.13/site-packages/coverage/report_core.py:113: CoverageWarning: Couldn't parse '/Users/mar/Projects/pylabpraxis/praxis/backend/services/state.py': Couldn't use data file '/Users/mar/Projects/pylabpraxis/.coverage': no such table: tracer (couldnt-parse); see https://coverage.readthedocs.io/en/7.11.0/messages.html#warning-couldnt-parse
  coverage._warn(msg, slug="couldnt-parse")
/Users/mar/Projects/pylabpraxis/.venv/lib/python3.13/site-packages/coverage/report_core.py:113: CoverageWarning: Couldn't parse '/Users/mar/Projects/pylabpraxis/praxis/backend/services/state_resolution_service.py': Couldn't use data file '/Users/mar/Projects/pylabpraxis/.coverage': no such table: tracer (couldnt-parse); see https://coverage.readthedocs.io/en/7.11.0/messages.html#warning-couldnt-parse
  coverage._warn(msg, slug="couldnt-parse")
/Users/mar/Projects/pylabpraxis/.venv/lib/python3.13/site-packages/coverage/report_core.py:113: CoverageWarning: Couldn't parse '/Users/mar/Projects/pylabpraxis/praxis/backend/services/type_definition_base.py': Couldn't use data file '/Users/mar/Projects/pylabpraxis/.coverage': no such table: tracer (couldnt-parse); see https://coverage.readthedocs.io/en/7.11.0/messages.html#warning-couldnt-parse
  coverage._warn(msg, slug="couldnt-parse")
/Users/mar/Projects/pylabpraxis/.venv/lib/python3.13/site-packages/coverage/report_core.py:113: CoverageWarning: Couldn't parse '/Users/mar/Projects/pylabpraxis/praxis/backend/services/user.py': Couldn't use data file '/Users/mar/Projects/pylabpraxis/.coverage': no such table: tracer (couldnt-parse); see https://coverage.readthedocs.io/en/7.11.0/messages.html#warning-couldnt-parse
  coverage._warn(msg, slug="couldnt-parse")
/Users/mar/Projects/pylabpraxis/.venv/lib/python3.13/site-packages/coverage/report_core.py:113: CoverageWarning: Couldn't parse '/Users/mar/Projects/pylabpraxis/praxis/backend/services/utils/__init__.py': Couldn't use data file '/Users/mar/Projects/pylabpraxis/.coverage': no such table: tracer (couldnt-parse); see https://coverage.readthedocs.io/en/7.11.0/messages.html#warning-couldnt-parse
  coverage._warn(msg, slug="couldnt-parse")
/Users/mar/Projects/pylabpraxis/.venv/lib/python3.13/site-packages/coverage/report_core.py:113: CoverageWarning: Couldn't parse '/Users/mar/Projects/pylabpraxis/praxis/backend/services/utils/crud_base.py': Couldn't use data file '/Users/mar/Projects/pylabpraxis/.coverage': no such table: tracer (couldnt-parse); see https://coverage.readthedocs.io/en/7.11.0/messages.html#warning-couldnt-parse
  coverage._warn(msg, slug="couldnt-parse")
/Users/mar/Projects/pylabpraxis/.venv/lib/python3.13/site-packages/coverage/report_core.py:113: CoverageWarning: Couldn't parse '/Users/mar/Projects/pylabpraxis/praxis/backend/services/utils/plr_type_base.py': Couldn't use data file '/Users/mar/Projects/pylabpraxis/.coverage': no such table: tracer (couldnt-parse); see https://coverage.readthedocs.io/en/7.11.0/messages.html#warning-couldnt-parse
  coverage._warn(msg, slug="couldnt-parse")
/Users/mar/Projects/pylabpraxis/.venv/lib/python3.13/site-packages/coverage/report_core.py:113: CoverageWarning: Couldn't parse '/Users/mar/Projects/pylabpraxis/praxis/backend/services/utils/query_builder.py': Couldn't use data file '/Users/mar/Projects/pylabpraxis/.coverage': no such table: tracer (couldnt-parse); see https://coverage.readthedocs.io/en/7.11.0/messages.html#warning-couldnt-parse
  coverage._warn(msg, slug="couldnt-parse")
/Users/mar/Projects/pylabpraxis/.venv/lib/python3.13/site-packages/coverage/report_core.py:113: CoverageWarning: Couldn't parse '/Users/mar/Projects/pylabpraxis/praxis/backend/services/well_outputs.py': Couldn't use data file '/Users/mar/Projects/pylabpraxis/.coverage': no such table: tracer (couldnt-parse); see https://coverage.readthedocs.io/en/7.11.0/messages.html#warning-couldnt-parse
  coverage._warn(msg, slug="couldnt-parse")
/Users/mar/Projects/pylabpraxis/.venv/lib/python3.13/site-packages/coverage/report_core.py:113: CoverageWarning: Couldn't parse '/Users/mar/Projects/pylabpraxis/praxis/backend/services/workcell.py': Couldn't use data file '/Users/mar/Projects/pylabpraxis/.coverage': no such table: tracer (couldnt-parse); see https://coverage.readthedocs.io/en/7.11.0/messages.html#warning-couldnt-parse
  coverage._warn(msg, slug="couldnt-parse")
/Users/mar/Projects/pylabpraxis/.venv/lib/python3.13/site-packages/coverage/report_core.py:113: CoverageWarning: Couldn't parse '/Users/mar/Projects/pylabpraxis/praxis/backend/utils/__init__.py': Couldn't use data file '/Users/mar/Projects/pylabpraxis/.coverage': no such table: tracer (couldnt-parse); see https://coverage.readthedocs.io/en/7.11.0/messages.html#warning-couldnt-parse
  coverage._warn(msg, slug="couldnt-parse")
/Users/mar/Projects/pylabpraxis/.venv/lib/python3.13/site-packages/coverage/report_core.py:113: CoverageWarning: Couldn't parse '/Users/mar/Projects/pylabpraxis/praxis/backend/utils/accession_resolver.py': Couldn't use data file '/Users/mar/Projects/pylabpraxis/.coverage': no such table: tracer (couldnt-parse); see https://coverage.readthedocs.io/en/7.11.0/messages.html#warning-couldnt-parse
  coverage._warn(msg, slug="couldnt-parse")
/Users/mar/Projects/pylabpraxis/.venv/lib/python3.13/site-packages/coverage/report_core.py:113: CoverageWarning: Couldn't parse '/Users/mar/Projects/pylabpraxis/praxis/backend/utils/auth.py': Couldn't use data file '/Users/mar/Projects/pylabpraxis/.coverage': no such table: tracer (couldnt-parse); see https://coverage.readthedocs.io/en/7.11.0/messages.html#warning-couldnt-parse
  coverage._warn(msg, slug="couldnt-parse")
/Users/mar/Projects/pylabpraxis/.venv/lib/python3.13/site-packages/coverage/report_core.py:113: CoverageWarning: Couldn't parse '/Users/mar/Projects/pylabpraxis/praxis/backend/utils/db.py': Couldn't use data file '/Users/mar/Projects/pylabpraxis/.coverage': no such table: tracer (couldnt-parse); see https://coverage.readthedocs.io/en/7.11.0/messages.html#warning-couldnt-parse
  coverage._warn(msg, slug="couldnt-parse")
/Users/mar/Projects/pylabpraxis/.venv/lib/python3.13/site-packages/coverage/report_core.py:113: CoverageWarning: Couldn't parse '/Users/mar/Projects/pylabpraxis/praxis/backend/utils/db_decorator.py': Couldn't use data file '/Users/mar/Projects/pylabpraxis/.coverage': no such table: tracer (couldnt-parse); see https://coverage.readthedocs.io/en/7.11.0/messages.html#warning-couldnt-parse
  coverage._warn(msg, slug="couldnt-parse")
/Users/mar/Projects/pylabpraxis/.venv/lib/python3.13/site-packages/coverage/report_core.py:113: CoverageWarning: Couldn't parse '/Users/mar/Projects/pylabpraxis/praxis/backend/utils/errors.py': Couldn't use data file '/Users/mar/Projects/pylabpraxis/.coverage': no such table: tracer (couldnt-parse); see https://coverage.readthedocs.io/en/7.11.0/messages.html#warning-couldnt-parse
  coverage._warn(msg, slug="couldnt-parse")
/Users/mar/Projects/pylabpraxis/.venv/lib/python3.13/site-packages/coverage/report_core.py:113: CoverageWarning: Couldn't parse '/Users/mar/Projects/pylabpraxis/praxis/backend/utils/filesystem.py': Couldn't use data file '/Users/mar/Projects/pylabpraxis/.coverage': no such table: tracer (couldnt-parse); see https://coverage.readthedocs.io/en/7.11.0/messages.html#warning-couldnt-parse
  coverage._warn(msg, slug="couldnt-parse")
/Users/mar/Projects/pylabpraxis/.venv/lib/python3.13/site-packages/coverage/report_core.py:113: CoverageWarning: Couldn't parse '/Users/mar/Projects/pylabpraxis/praxis/backend/utils/logging.py': Couldn't use data file '/Users/mar/Projects/pylabpraxis/.coverage': no such table: tracer (couldnt-parse); see https://coverage.readthedocs.io/en/7.11.0/messages.html#warning-couldnt-parse
  coverage._warn(msg, slug="couldnt-parse")
/Users/mar/Projects/pylabpraxis/.venv/lib/python3.13/site-packages/coverage/report_core.py:113: CoverageWarning: Couldn't parse '/Users/mar/Projects/pylabpraxis/praxis/backend/utils/notify.py': Couldn't use data file '/Users/mar/Projects/pylabpraxis/.coverage': no such table: tracer (couldnt-parse); see https://coverage.readthedocs.io/en/7.11.0/messages.html#warning-couldnt-parse
  coverage._warn(msg, slug="couldnt-parse")
/Users/mar/Projects/pylabpraxis/.venv/lib/python3.13/site-packages/coverage/report_core.py:113: CoverageWarning: Couldn't parse '/Users/mar/Projects/pylabpraxis/praxis/backend/utils/plr_inspection.py': Couldn't use data file '/Users/mar/Projects/pylabpraxis/.coverage': no such table: tracer (couldnt-parse); see https://coverage.readthedocs.io/en/7.11.0/messages.html#warning-couldnt-parse
  coverage._warn(msg, slug="couldnt-parse")
/Users/mar/Projects/pylabpraxis/.venv/lib/python3.13/site-packages/coverage/report_core.py:113: CoverageWarning: Couldn't parse '/Users/mar/Projects/pylabpraxis/praxis/backend/utils/plr_static_analysis/__init__.py': Couldn't use data file '/Users/mar/Projects/pylabpraxis/.coverage': no such table: tracer (couldnt-parse); see https://coverage.readthedocs.io/en/7.11.0/messages.html#warning-couldnt-parse
  coverage._warn(msg, slug="couldnt-parse")
/Users/mar/Projects/pylabpraxis/.venv/lib/python3.13/site-packages/coverage/report_core.py:113: CoverageWarning: Couldn't parse '/Users/mar/Projects/pylabpraxis/praxis/backend/utils/plr_static_analysis/cache.py': Couldn't use data file '/Users/mar/Projects/pylabpraxis/.coverage': no such table: tracer (couldnt-parse); see https://coverage.readthedocs.io/en/7.11.0/messages.html#warning-couldnt-parse
  coverage._warn(msg, slug="couldnt-parse")
/Users/mar/Projects/pylabpraxis/.venv/lib/python3.13/site-packages/coverage/report_core.py:113: CoverageWarning: Couldn't parse '/Users/mar/Projects/pylabpraxis/praxis/backend/utils/plr_static_analysis/capability_config_templates.py': Couldn't use data file '/Users/mar/Projects/pylabpraxis/.coverage': no such table: tracer (couldnt-parse); see https://coverage.readthedocs.io/en/7.11.0/messages.html#warning-couldnt-parse
  coverage._warn(msg, slug="couldnt-parse")
/Users/mar/Projects/pylabpraxis/.venv/lib/python3.13/site-packages/coverage/report_core.py:113: CoverageWarning: Couldn't parse '/Users/mar/Projects/pylabpraxis/praxis/backend/utils/plr_static_analysis/connection_config_templates.py': Couldn't use data file '/Users/mar/Projects/pylabpraxis/.coverage': no such table: tracer (couldnt-parse); see https://coverage.readthedocs.io/en/7.11.0/messages.html#warning-couldnt-parse
  coverage._warn(msg, slug="couldnt-parse")
/Users/mar/Projects/pylabpraxis/.venv/lib/python3.13/site-packages/coverage/report_core.py:113: CoverageWarning: Couldn't parse '/Users/mar/Projects/pylabpraxis/praxis/backend/utils/plr_static_analysis/manufacturer_inference.py': Couldn't use data file '/Users/mar/Projects/pylabpraxis/.coverage': no such table: tracer (couldnt-parse); see https://coverage.readthedocs.io/en/7.11.0/messages.html#warning-couldnt-parse
  coverage._warn(msg, slug="couldnt-parse")
/Users/mar/Projects/pylabpraxis/.venv/lib/python3.13/site-packages/coverage/report_core.py:113: CoverageWarning: Couldn't parse '/Users/mar/Projects/pylabpraxis/praxis/backend/utils/plr_static_analysis/models.py': Couldn't use data file '/Users/mar/Projects/pylabpraxis/.coverage': no such table: tracer (couldnt-parse); see https://coverage.readthedocs.io/en/7.11.0/messages.html#warning-couldnt-parse
  coverage._warn(msg, slug="couldnt-parse")
/Users/mar/Projects/pylabpraxis/.venv/lib/python3.13/site-packages/coverage/report_core.py:113: CoverageWarning: Couldn't parse '/Users/mar/Projects/pylabpraxis/praxis/backend/utils/plr_static_analysis/parser.py': Couldn't use data file '/Users/mar/Projects/pylabpraxis/.coverage': no such table: tracer (couldnt-parse); see https://coverage.readthedocs.io/en/7.11.0/messages.html#warning-couldnt-parse
  coverage._warn(msg, slug="couldnt-parse")
/Users/mar/Projects/pylabpraxis/.venv/lib/python3.13/site-packages/coverage/report_core.py:113: CoverageWarning: Couldn't parse '/Users/mar/Projects/pylabpraxis/praxis/backend/utils/plr_static_analysis/resource_hierarchy.py': Couldn't use data file '/Users/mar/Projects/pylabpraxis/.coverage': no such table: tracer (couldnt-parse); see https://coverage.readthedocs.io/en/7.11.0/messages.html#warning-couldnt-parse
  coverage._warn(msg, slug="couldnt-parse")
/Users/mar/Projects/pylabpraxis/.venv/lib/python3.13/site-packages/coverage/report_core.py:113: CoverageWarning: Couldn't parse '/Users/mar/Projects/pylabpraxis/praxis/backend/utils/plr_static_analysis/type_annotation_analyzer.py': Couldn't use data file '/Users/mar/Projects/pylabpraxis/.coverage': no such table: tracer (couldnt-parse); see https://coverage.readthedocs.io/en/7.11.0/messages.html#warning-couldnt-parse
  coverage._warn(msg, slug="couldnt-parse")
/Users/mar/Projects/pylabpraxis/.venv/lib/python3.13/site-packages/coverage/report_core.py:113: CoverageWarning: Couldn't parse '/Users/mar/Projects/pylabpraxis/praxis/backend/utils/plr_static_analysis/visitors/__init__.py': Couldn't use data file '/Users/mar/Projects/pylabpraxis/.coverage': no such table: tracer (couldnt-parse); see https://coverage.readthedocs.io/en/7.11.0/messages.html#warning-couldnt-parse
  coverage._warn(msg, slug="couldnt-parse")
/Users/mar/Projects/pylabpraxis/.venv/lib/python3.13/site-packages/coverage/report_core.py:113: CoverageWarning: Couldn't parse '/Users/mar/Projects/pylabpraxis/praxis/backend/utils/plr_static_analysis/visitors/base.py': Couldn't use data file '/Users/mar/Projects/pylabpraxis/.coverage': no such table: tracer (couldnt-parse); see https://coverage.readthedocs.io/en/7.11.0/messages.html#warning-couldnt-parse
  coverage._warn(msg, slug="couldnt-parse")
/Users/mar/Projects/pylabpraxis/.venv/lib/python3.13/site-packages/coverage/report_core.py:113: CoverageWarning: Couldn't parse '/Users/mar/Projects/pylabpraxis/praxis/backend/utils/plr_static_analysis/visitors/capability_extractor.py': Couldn't use data file '/Users/mar/Projects/pylabpraxis/.coverage': no such table: tracer (couldnt-parse); see https://coverage.readthedocs.io/en/7.11.0/messages.html#warning-couldnt-parse
  coverage._warn(msg, slug="couldnt-parse")
/Users/mar/Projects/pylabpraxis/.venv/lib/python3.13/site-packages/coverage/report_core.py:113: CoverageWarning: Couldn't parse '/Users/mar/Projects/pylabpraxis/praxis/backend/utils/plr_static_analysis/visitors/class_discovery.py': Couldn't use data file '/Users/mar/Projects/pylabpraxis/.coverage': no such table: tracer (couldnt-parse); see https://coverage.readthedocs.io/en/7.11.0/messages.html#warning-couldnt-parse
  coverage._warn(msg, slug="couldnt-parse")
/Users/mar/Projects/pylabpraxis/.venv/lib/python3.13/site-packages/coverage/report_core.py:113: CoverageWarning: Couldn't parse '/Users/mar/Projects/pylabpraxis/praxis/backend/utils/plr_static_analysis/visitors/computation_graph_extractor.py': Couldn't use data file '/Users/mar/Projects/pylabpraxis/.coverage': no such table: tracer (couldnt-parse); see https://coverage.readthedocs.io/en/7.11.0/messages.html#warning-couldnt-parse
  coverage._warn(msg, slug="couldnt-parse")
/Users/mar/Projects/pylabpraxis/.venv/lib/python3.13/site-packages/coverage/report_core.py:113: CoverageWarning: Couldn't parse '/Users/mar/Projects/pylabpraxis/praxis/backend/utils/plr_static_analysis/visitors/protocol_discovery.py': Couldn't use data file '/Users/mar/Projects/pylabpraxis/.coverage': no such table: tracer (couldnt-parse); see https://coverage.readthedocs.io/en/7.11.0/messages.html#warning-couldnt-parse
  coverage._warn(msg, slug="couldnt-parse")
/Users/mar/Projects/pylabpraxis/.venv/lib/python3.13/site-packages/coverage/report_core.py:113: CoverageWarning: Couldn't parse '/Users/mar/Projects/pylabpraxis/praxis/backend/utils/plr_static_analysis/visitors/protocol_requirement_extractor.py': Couldn't use data file '/Users/mar/Projects/pylabpraxis/.coverage': no such table: tracer (couldnt-parse); see https://coverage.readthedocs.io/en/7.11.0/messages.html#warning-couldnt-parse
  coverage._warn(msg, slug="couldnt-parse")
/Users/mar/Projects/pylabpraxis/.venv/lib/python3.13/site-packages/coverage/report_core.py:113: CoverageWarning: Couldn't parse '/Users/mar/Projects/pylabpraxis/praxis/backend/utils/plr_static_analysis/visitors/resource_factory.py': Couldn't use data file '/Users/mar/Projects/pylabpraxis/.coverage': no such table: tracer (couldnt-parse); see https://coverage.readthedocs.io/en/7.11.0/messages.html#warning-couldnt-parse
  coverage._warn(msg, slug="couldnt-parse")
/Users/mar/Projects/pylabpraxis/.venv/lib/python3.13/site-packages/coverage/report_core.py:113: CoverageWarning: Couldn't parse '/Users/mar/Projects/pylabpraxis/praxis/backend/utils/redis_lock.py': Couldn't use data file '/Users/mar/Projects/pylabpraxis/.coverage': no such table: tracer (couldnt-parse); see https://coverage.readthedocs.io/en/7.11.0/messages.html#warning-couldnt-parse
  coverage._warn(msg, slug="couldnt-parse")
/Users/mar/Projects/pylabpraxis/.venv/lib/python3.13/site-packages/coverage/report_core.py:113: CoverageWarning: Couldn't parse '/Users/mar/Projects/pylabpraxis/praxis/backend/utils/run_control.py': Couldn't use data file '/Users/mar/Projects/pylabpraxis/.coverage': no such table: tracer (couldnt-parse); see https://coverage.readthedocs.io/en/7.11.0/messages.html#warning-couldnt-parse
  coverage._warn(msg, slug="couldnt-parse")
/Users/mar/Projects/pylabpraxis/.venv/lib/python3.13/site-packages/coverage/report_core.py:113: CoverageWarning: Couldn't parse '/Users/mar/Projects/pylabpraxis/praxis/backend/utils/sanitation.py': Couldn't use data file '/Users/mar/Projects/pylabpraxis/.coverage': no such table: tracer (couldnt-parse); see https://coverage.readthedocs.io/en/7.11.0/messages.html#warning-couldnt-parse
  coverage._warn(msg, slug="couldnt-parse")
/Users/mar/Projects/pylabpraxis/.venv/lib/python3.13/site-packages/coverage/report_core.py:113: CoverageWarning: Couldn't parse '/Users/mar/Projects/pylabpraxis/praxis/backend/utils/type_inspection.py': Couldn't use data file '/Users/mar/Projects/pylabpraxis/.coverage': no such table: tracer (couldnt-parse); see https://coverage.readthedocs.io/en/7.11.0/messages.html#warning-couldnt-parse
  coverage._warn(msg, slug="couldnt-parse")
/Users/mar/Projects/pylabpraxis/.venv/lib/python3.13/site-packages/coverage/report_core.py:113: CoverageWarning: Couldn't parse '/Users/mar/Projects/pylabpraxis/praxis/backend/utils/uuid.py': Couldn't use data file '/Users/mar/Projects/pylabpraxis/.coverage': no such table: tracer (couldnt-parse); see https://coverage.readthedocs.io/en/7.11.0/messages.html#warning-couldnt-parse
  coverage._warn(msg, slug="couldnt-parse")
/Users/mar/Projects/pylabpraxis/.venv/lib/python3.13/site-packages/coverage/report_core.py:113: CoverageWarning: Couldn't parse '/Users/mar/Projects/pylabpraxis/praxis/common/__init__.py': Couldn't use data file '/Users/mar/Projects/pylabpraxis/.coverage': no such table: tracer (couldnt-parse); see https://coverage.readthedocs.io/en/7.11.0/messages.html#warning-couldnt-parse
  coverage._warn(msg, slug="couldnt-parse")
/Users/mar/Projects/pylabpraxis/.venv/lib/python3.13/site-packages/coverage/report_core.py:113: CoverageWarning: Couldn't parse '/Users/mar/Projects/pylabpraxis/praxis/common/type_inspection.py': Couldn't use data file '/Users/mar/Projects/pylabpraxis/.coverage': no such table: tracer (couldnt-parse); see https://coverage.readthedocs.io/en/7.11.0/messages.html#warning-couldnt-parse
  coverage._warn(msg, slug="couldnt-parse")
/Users/mar/Projects/pylabpraxis/.venv/lib/python3.13/site-packages/coverage/report_core.py:113: CoverageWarning: Couldn't parse '/Users/mar/Projects/pylabpraxis/praxis/protocol/__init__.py': Couldn't use data file '/Users/mar/Projects/pylabpraxis/.coverage': no such table: tracer (couldnt-parse); see https://coverage.readthedocs.io/en/7.11.0/messages.html#warning-couldnt-parse
  coverage._warn(msg, slug="couldnt-parse")
/Users/mar/Projects/pylabpraxis/.venv/lib/python3.13/site-packages/coverage/report_core.py:113: CoverageWarning: Couldn't parse '/Users/mar/Projects/pylabpraxis/praxis/protocol/protocols/__init__.py': Couldn't use data file '/Users/mar/Projects/pylabpraxis/.coverage': no such table: tracer (couldnt-parse); see https://coverage.readthedocs.io/en/7.11.0/messages.html#warning-couldnt-parse
  coverage._warn(msg, slug="couldnt-parse")
/Users/mar/Projects/pylabpraxis/.venv/lib/python3.13/site-packages/coverage/report_core.py:113: CoverageWarning: Couldn't parse '/Users/mar/Projects/pylabpraxis/praxis/protocol/protocols/kinetic_assay.py': Couldn't use data file '/Users/mar/Projects/pylabpraxis/.coverage': no such table: tracer (couldnt-parse); see https://coverage.readthedocs.io/en/7.11.0/messages.html#warning-couldnt-parse
  coverage._warn(msg, slug="couldnt-parse")
/Users/mar/Projects/pylabpraxis/.venv/lib/python3.13/site-packages/coverage/report_core.py:113: CoverageWarning: Couldn't parse '/Users/mar/Projects/pylabpraxis/praxis/protocol/protocols/plate_preparation.py': Couldn't use data file '/Users/mar/Projects/pylabpraxis/.coverage': no such table: tracer (couldnt-parse); see https://coverage.readthedocs.io/en/7.11.0/messages.html#warning-couldnt-parse
  coverage._warn(msg, slug="couldnt-parse")
/Users/mar/Projects/pylabpraxis/.venv/lib/python3.13/site-packages/coverage/report_core.py:113: CoverageWarning: Couldn't parse '/Users/mar/Projects/pylabpraxis/praxis/protocol/protocols/plate_reader_assay.py': Couldn't use data file '/Users/mar/Projects/pylabpraxis/.coverage': no such table: tracer (couldnt-parse); see https://coverage.readthedocs.io/en/7.11.0/messages.html#warning-couldnt-parse
  coverage._warn(msg, slug="couldnt-parse")
/Users/mar/Projects/pylabpraxis/.venv/lib/python3.13/site-packages/coverage/report_core.py:113: CoverageWarning: Couldn't parse '/Users/mar/Projects/pylabpraxis/praxis/protocol/protocols/selective_transfer.py': Couldn't use data file '/Users/mar/Projects/pylabpraxis/.coverage': no such table: tracer (couldnt-parse); see https://coverage.readthedocs.io/en/7.11.0/messages.html#warning-couldnt-parse
  coverage._warn(msg, slug="couldnt-parse")
/Users/mar/Projects/pylabpraxis/.venv/lib/python3.13/site-packages/coverage/report_core.py:113: CoverageWarning: Couldn't parse '/Users/mar/Projects/pylabpraxis/praxis/protocol/protocols/serial_dilution.py': Couldn't use data file '/Users/mar/Projects/pylabpraxis/.coverage': no such table: tracer (couldnt-parse); see https://coverage.readthedocs.io/en/7.11.0/messages.html#warning-couldnt-parse
  coverage._warn(msg, slug="couldnt-parse")
/Users/mar/Projects/pylabpraxis/.venv/lib/python3.13/site-packages/coverage/report_core.py:113: CoverageWarning: Couldn't parse '/Users/mar/Projects/pylabpraxis/praxis/protocol/protocols/simple_transfer.py': Couldn't use data file '/Users/mar/Projects/pylabpraxis/.coverage': no such table: tracer (couldnt-parse); see https://coverage.readthedocs.io/en/7.11.0/messages.html#warning-couldnt-parse
  coverage._warn(msg, slug="couldnt-parse")
/Users/mar/Projects/pylabpraxis/.venv/lib/python3.13/site-packages/pytest_cov/plugin.py:363: CovReportWarning: Failed to generate report: Couldn't use data file '/Users/mar/Projects/pylabpraxis/.coverage': no such table: line_bits

  warnings.warn(CovReportWarning(message), stacklevel=1)

WARNING: Failed to generate report: Couldn't use data file '/Users/mar/Projects/pylabpraxis/.coverage': no such table: line_bits


ERROR: Coverage failure: total of 0 is less than fail-under=80


==================================== ERRORS ====================================
________ ERROR at setup of test_function_call_log_orm_creation_minimal _________
.venv/lib/python3.13/site-packages/sqlalchemy/engine/base.py:1967: in _exec_single_context
    self.dialect.do_execute(
.venv/lib/python3.13/site-packages/sqlalchemy/engine/default.py:951: in do_execute
    cursor.execute(statement, parameters)
.venv/lib/python3.13/site-packages/sqlalchemy/dialects/sqlite/aiosqlite.py:180: in execute
    self._adapt_connection._handle_exception(error)
.venv/lib/python3.13/site-packages/sqlalchemy/dialects/sqlite/aiosqlite.py:340: in _handle_exception
    raise error
.venv/lib/python3.13/site-packages/sqlalchemy/dialects/sqlite/aiosqlite.py:162: in execute
    self.await_(_cursor.execute(operation, parameters))
.venv/lib/python3.13/site-packages/sqlalchemy/util/_concurrency_py3k.py:132: in await_only
    return current.parent.switch(awaitable)  # type: ignore[no-any-return,attr-defined] # noqa: E501
           ^^^^^^^^^^^^^^^^^^^^^^^^^^^^^^^^
.venv/lib/python3.13/site-packages/sqlalchemy/util/_concurrency_py3k.py:196: in greenlet_spawn
    value = await result
            ^^^^^^^^^^^^
.venv/lib/python3.13/site-packages/aiosqlite/cursor.py:40: in execute
    await self._execute(self._cursor.execute, sql, parameters)
.venv/lib/python3.13/site-packages/aiosqlite/cursor.py:32: in _execute
    return await self._conn._execute(fn, *args, **kwargs)
           ^^^^^^^^^^^^^^^^^^^^^^^^^^^^^^^^^^^^^^^^^^^^^^
.venv/lib/python3.13/site-packages/aiosqlite/core.py:122: in _execute
    return await future
           ^^^^^^^^^^^^
.venv/lib/python3.13/site-packages/aiosqlite/core.py:105: in run
    result = function()
             ^^^^^^^^^^
E   sqlite3.IntegrityError: NOT NULL constraint failed: function_protocol_definitions.source_file_path

The above exception was the direct cause of the following exception:
tests/models/test_domain/test_function_call_log.py:27: in protocol_definition
    await db_session.flush()
.venv/lib/python3.13/site-packages/sqlalchemy/ext/asyncio/session.py:787: in flush
    await greenlet_spawn(self.sync_session.flush, objects=objects)
.venv/lib/python3.13/site-packages/sqlalchemy/util/_concurrency_py3k.py:203: in greenlet_spawn
    result = context.switch(value)
             ^^^^^^^^^^^^^^^^^^^^^
.venv/lib/python3.13/site-packages/sqlalchemy/orm/session.py:4331: in flush
    self._flush(objects)
.venv/lib/python3.13/site-packages/sqlalchemy/orm/session.py:4466: in _flush
    with util.safe_reraise():
         ^^^^^^^^^^^^^^^^^^^
.venv/lib/python3.13/site-packages/sqlalchemy/util/langhelpers.py:224: in __exit__
    raise exc_value.with_traceback(exc_tb)
.venv/lib/python3.13/site-packages/sqlalchemy/orm/session.py:4427: in _flush
    flush_context.execute()
.venv/lib/python3.13/site-packages/sqlalchemy/orm/unitofwork.py:466: in execute
    rec.execute(self)
.venv/lib/python3.13/site-packages/sqlalchemy/orm/unitofwork.py:642: in execute
    util.preloaded.orm_persistence.save_obj(
.venv/lib/python3.13/site-packages/sqlalchemy/orm/persistence.py:93: in save_obj
    _emit_insert_statements(
.venv/lib/python3.13/site-packages/sqlalchemy/orm/persistence.py:1048: in _emit_insert_statements
    result = connection.execute(
[...]
praxis/backend/utils/plr_static_analysis/connection_config_templates.py                  17     17     0%   8-148
praxis/backend/utils/plr_static_analysis/manufacturer_inference.py                       16     16     0%   5-123
praxis/backend/utils/plr_static_analysis/models.py                                      280    280     0%   3-655
praxis/backend/utils/plr_static_analysis/parser.py                                      218    218     0%   3-532
praxis/backend/utils/plr_static_analysis/resource_hierarchy.py                          116    116     0%   12-492
praxis/backend/utils/plr_static_analysis/type_annotation_analyzer.py                    109    109     0%   7-304
praxis/backend/utils/plr_static_analysis/visitors/__init__.py                             6      6     0%   3-16
praxis/backend/utils/plr_static_analysis/visitors/base.py                                56     56     0%   3-135
praxis/backend/utils/plr_static_analysis/visitors/capability_extractor.py               228    228     0%   3-536
praxis/backend/utils/plr_static_analysis/visitors/class_discovery.py                    177    177     0%   3-593
praxis/backend/utils/plr_static_analysis/visitors/computation_graph_extractor.py        244    244     0%   14-673
praxis/backend/utils/plr_static_analysis/visitors/protocol_discovery.py                  91     91     0%   3-262
praxis/backend/utils/plr_static_analysis/visitors/protocol_requirement_extractor.py      86     86     0%   7-298
praxis/backend/utils/plr_static_analysis/visitors/resource_factory.py                   109    109     0%   13-328
praxis/backend/utils/redis_lock.py                                                       21     15    29%   30-49
praxis/backend/utils/run_control.py                                                      38     38     0%   3-90
praxis/backend/utils/sanitation.py                                                      151    132    13%   24-25, 43-54, 68-86, 91-109, 117, 136-142, 152-157, 183-218, 231-234, 248, 252-261, 269-283, 320-349, 366-372
praxis/backend/utils/type_inspection.py                                                  24     24     0%   4-64
praxis/backend/utils/uuid.py                                                              9      3    67%   34, 39-40
praxis/common/__init__.py                                                                 0      0   100%
praxis/common/type_inspection.py                                                        124    124     0%   4-313
praxis/protocol/__init__.py                                                               2      2     0%   6-12
praxis/protocol/protocols/__init__.py                                                     7      7     0%   13-20
praxis/protocol/protocols/kinetic_assay.py                                               55     55     0%   10-204
praxis/protocol/protocols/plate_preparation.py                                           50     50     0%   7-143
praxis/protocol/protocols/plate_reader_assay.py                                          28     28     0%   10-134
praxis/protocol/protocols/selective_transfer.py                                          52     52     0%   8-218
praxis/protocol/protocols/serial_dilution.py                                             30     30     0%   7-134
praxis/protocol/protocols/simple_transfer.py                                             20     20     0%   7-112
-------------------------------------------------------------------------------------------------------------------
TOTAL                                                                                 14650  12916    12%
FAIL Required test coverage of 80% not reached. Total coverage: 0.00%
=========================== short test summary info ============================
FAILED tests/models/test_domain/test_asset_reservation.py::test_asset_reservation_orm_creation_minimal
FAILED tests/models/test_domain/test_asset_reservation.py::test_asset_reservation_orm_timing_fields
FAILED tests/models/test_domain/test_asset_reservation.py::test_asset_reservation_orm_relationship_to_protocol_run
FAILED tests/models/test_domain/test_asset_reservation.py::test_asset_reservation_orm_relationship_to_asset
FAILED tests/models/test_domain/test_deck.py::test_deck_orm_is_resource_and_asset
FAILED tests/models/test_domain/test_deck.py::test_deck_orm_relationships - s...
FAILED tests/models/test_domain/test_deck.py::TestDeckSchemas::test_deck_base_with_all_fields
FAILED tests/models/test_domain/test_deck.py::TestDeckSchemas::test_deck_response_deserialization_from_dict
FAILED tests/models/test_domain/test_deck.py::TestDeckSchemas::test_deck_response_from_model
FAILED tests/models/test_domain/test_deck.py::TestDeckSchemas::test_deck_position_definition_response
FAILED tests/models/test_domain/test_file_system_protocol_source.py::test_file_system_protocol_source_orm_creation_minimal
FAILED tests/models/test_domain/test_file_system_protocol_source.py::test_file_system_protocol_source_orm_creation_with_all_fields
FAILED tests/models/test_domain/test_file_system_protocol_source.py::test_file_system_protocol_source_orm_persist_to_database
FAILED tests/models/test_domain/test_file_system_protocol_source.py::test_file_system_protocol_source_orm_unique_name_constraint
FAILED tests/models/test_domain/test_file_system_protocol_source.py::test_file_system_protocol_source_orm_status_transitions
FAILED tests/models/test_domain/test_file_system_protocol_source.py::test_file_system_protocol_source_orm_query_by_name
FAILED tests/models/test_domain/test_file_system_protocol_source.py::test_file_system_protocol_source_orm_update_base_path
FAILED tests/models/test_domain/test_file_system_protocol_source.py::test_file_system_protocol_source_orm_query_by_status
FAILED tests/models/test_domain/test_function_protocol_definition.py::test_function_protocol_definition_orm_creation_minimal
FAILED tests/models/test_domain/test_function_protocol_definition.py::test_function_protocol_definition_orm_unique_constraint_git
FAILED tests/models/test_domain/test_function_protocol_definition.py::test_function_protocol_definition_orm_unique_constraint_fs
FAILED tests/models/test_domain/test_function_protocol_definition.py::test_function_protocol_definition_orm_is_top_level_flag
FAILED tests/models/test_domain/test_function_protocol_definition.py::test_function_protocol_definition_orm_solo_execution_flag
FAILED tests/models/test_domain/test_function_protocol_definition.py::test_function_protocol_definition_orm_preconfigure_deck_flag
FAILED tests/models/test_domain/test_function_protocol_definition.py::test_function_protocol_definition_orm_deprecated_flag
FAILED tests/models/test_domain/test_function_protocol_definition.py::test_function_protocol_definition_orm_jsonb_tags
FAILED tests/models/test_domain/test_function_protocol_definition.py::test_function_protocol_definition_orm_state_param
FAILED tests/models/test_domain/test_function_protocol_definition.py::test_function_protocol_definition_orm_query_by_fqn
FAILED tests/models/test_domain/test_function_protocol_definition.py::test_function_protocol_definition_orm_query_top_level
FAILED tests/models/test_domain/test_machine.py::test_machine_orm_creation_with_defaults
FAILED tests/models/test_domain/test_machine.py::test_machine_orm_persist_to_database
FAILED tests/models/test_domain/test_machine.py::test_machine_orm_unique_serial_number
FAILED tests/models/test_domain/test_machine.py::test_machine_orm_with_workcell_relationship
FAILED tests/models/test_domain/test_machine.py::test_machine_orm_status_enum_values
FAILED tests/models/test_domain/test_machine.py::test_machine_orm_category_enum_values
FAILED tests/models/test_domain/test_machine_definition.py::test_machine_definition_orm_creation_minimal
FAILED tests/models/test_domain/test_machine_definition.py::test_machine_definition_orm_with_all_fields
FAILED tests/models/test_domain/test_machine_definition.py::test_machine_definition_orm_persist_to_database
FAILED tests/models/test_domain/test_machine_definition.py::test_machine_definition_orm_unique_name_constraint
FAILED tests/models/test_domain/test_machine_definition.py::test_machine_definition_orm_machine_categories
FAILED tests/models/test_domain/test_machine_definition.py::test_machine_definition_orm_jsonb_fields
FAILED tests/models/test_domain/test_machine_definition.py::test_machine_definition_orm_dimensions
FAILED tests/models/test_domain/test_machine_definition.py::TestMachineDefinitionSchemas::test_machine_definition_base_minimal
FAILED tests/models/test_domain/test_machine_definition.py::TestMachineDefinitionSchemas::test_machine_definition_base_with_all_fields
FAILED tests/models/test_domain/test_machine_definition.py::TestMachineDefinitionSchemas::test_machine_definition_update
FAILED tests/models/test_domain/test_machine_definition.py::TestMachineDefinitionSchemas::test_machine_definition_jsonb_validation
FAILED tests/models/test_domain/test_parameter_definition.py::test_parameter_definition_orm_creation_minimal
FAILED tests/models/test_domain/test_parameter_definition.py::test_parameter_definition_orm_unique_constraint
FAILED tests/models/test_domain/test_protocol_source_repository.py::test_protocol_source_repository_orm_creation_minimal
FAILED tests/models/test_domain/test_protocol_source_repository.py::test_protocol_source_repository_orm_creation_with_all_fields
FAILED tests/models/test_domain/test_protocol_source_repository.py::test_protocol_source_repository_orm_persist_to_database
FAILED tests/models/test_domain/test_protocol_source_repository.py::test_protocol_source_repository_orm_unique_name_constraint
FAILED tests/models/test_domain/test_protocol_source_repository.py::test_protocol_source_repository_orm_status_transitions
FAILED tests/models/test_domain/test_protocol_source_repository.py::test_protocol_source_repository_orm_query_by_name
FAILED tests/models/test_domain/test_protocol_source_repository.py::test_protocol_source_repository_orm_update_commit_hash
FAILED tests/models/test_domain/test_resource.py::TestResourceSchemas::test_resource_base_minimal
FAILED tests/models/test_domain/test_resource.py::TestResourceSchemas::test_resource_base_with_all_fields
FAILED tests/models/test_domain/test_resource.py::TestResourceSchemas::test_resource_response_deserialization_from_dict
FAILED tests/models/test_domain/test_resource.py::TestResourceSchemas::test_resource_response_from_orm_minimal
FAILED tests/models/test_domain/test_resource_definition.py::TestResourceDefinitionSchemas::test_resource_definition_base_minimal
FAILED tests/models/test_domain/test_resource_definition.py::TestResourceDefinitionSchemas::test_resource_definition_base_with_all_fields
FAILED tests/models/test_domain/test_sqlmodel_base.py::test_praxis_base_defaults
FAILED tests/models/test_domain/test_sqlmodel_base.py::test_sqlmodel_metadata_registration
FAILED tests/models/test_domain/test_workcell.py::test_workcell_orm_unique_name_constraint
FAILED tests/models/test_domain/test_workcell.py::test_workcell_orm_relationships_empty_by_default
FAILED tests/models/test_domain/test_workcell.py::TestWorkcellSchemas::test_workcell_base_minimal
FAILED tests/models/test_domain/test_workcell.py::TestWorkcellSchemas::test_workcell_base_with_all_fields
FAILED tests/models/test_domain/test_workcell.py::TestWorkcellSchemas::test_workcell_create_inherits_from_base
FAILED tests/models/test_domain/test_workcell.py::TestWorkcellSchemas::test_workcell_response_serialization_to_dict
FAILED tests/models/test_domain/test_workcell.py::TestWorkcellSchemas::test_workcell_response_serialization_to_json
FAILED tests/models/test_domain/test_workcell.py::TestWorkcellSchemas::test_workcell_response_deserialization_from_dict
FAILED tests/models/test_domain/test_workcell.py::TestWorkcellSchemas::test_workcell_response_enum_validation
FAILED tests/models/test_domain/test_workcell.py::TestWorkcellSchemas::test_workcell_response_roundtrip_serialization
ERROR tests/models/test_domain/test_function_call_log.py::test_function_call_log_orm_creation_minimal
ERROR tests/models/test_domain/test_function_call_log.py::test_function_call_log_orm_creation_with_all_fields
ERROR tests/models/test_domain/test_function_call_log.py::test_function_call_log_orm_persist_to_database
ERROR tests/models/test_domain/test_function_call_log.py::test_function_call_log_orm_sequence_ordering
ERROR tests/models/test_domain/test_function_call_log.py::test_function_call_log_orm_status_values
ERROR tests/models/test_domain/test_function_call_log.py::test_function_call_log_orm_input_args_jsonb
ERROR tests/models/test_domain/test_function_call_log.py::test_function_call_log_orm_return_value_jsonb
ERROR tests/models/test_domain/test_function_call_log.py::test_function_call_log_orm_error_fields
ERROR tests/models/test_domain/test_function_call_log.py::test_function_call_log_orm_nested_calls
ERROR tests/models/test_domain/test_function_call_log.py::test_function_call_log_orm_timing
ERROR tests/models/test_domain/test_function_call_log.py::test_function_call_log_orm_query_by_protocol_run
ERROR tests/models/test_domain/test_function_call_log.py::test_function_call_log_orm_query_by_status
ERROR tests/models/test_domain/test_function_call_log.py::test_function_call_log_orm_repr
ERROR tests/models/test_domain/test_function_data_output.py::test_function_data_output_orm_creation_minimal
ERROR tests/models/test_domain/test_function_data_output.py::test_function_data_output_orm_creation_with_all_fields
ERROR tests/models/test_domain/test_function_data_output.py::test_function_data_output_orm_persist_to_database
ERROR tests/models/test_domain/test_function_data_output.py::test_function_data_output_orm_data_type_values
ERROR tests/models/test_domain/test_function_data_output.py::test_function_data_output_orm_spatial_context_values
ERROR tests/models/test_domain/test_function_data_output.py::test_function_data_output_orm_numeric_data
ERROR tests/models/test_domain/test_function_data_output.py::test_function_data_output_orm_json_data
ERROR tests/models/test_domain/test_function_data_output.py::test_function_data_output_orm_text_data
ERROR tests/models/test_domain/test_function_data_output.py::test_function_data_output_orm_binary_data
ERROR tests/models/test_domain/test_function_data_output.py::test_function_data_output_orm_spatial_coordinates_jsonb
ERROR tests/models/test_domain/test_function_data_output.py::test_function_data_output_orm_metadata_jsonb
ERROR tests/models/test_domain/test_function_data_output.py::test_function_data_output_orm_file_path
ERROR tests/models/test_domain/test_function_data_output.py::test_function_data_output_orm_relationship_to_protocol_run
ERROR tests/models/test_domain/test_function_data_output.py::test_function_data_output_orm_relationship_to_function_call_log
ERROR tests/models/test_domain/test_function_data_output.py::test_function_data_output_orm_relationship_to_resource
ERROR tests/models/test_domain/test_function_data_output.py::test_function_data_output_orm_relationship_to_machine
ERROR tests/models/test_domain/test_function_data_output.py::test_function_data_output_orm_query_by_data_type
ERROR tests/models/test_domain/test_function_data_output.py::test_function_data_output_orm_query_by_protocol_run
ERROR tests/models/test_domain/test_function_data_output.py::test_function_data_output_orm_query_by_resource
ERROR tests/models/test_domain/test_protocol_run.py::test_protocol_run_creation_minimal
ERROR tests/models/test_domain/test_protocol_run.py::test_protocol_run_creation_with_all_fields
ERROR tests/models/test_domain/test_protocol_run.py::test_protocol_run_persist_to_database
ERROR tests/models/test_domain/test_protocol_run.py::test_protocol_run_status_transitions
ERROR tests/models/test_domain/test_protocol_run.py::test_protocol_run_timing_fields
ERROR tests/models/test_domain/test_protocol_run.py::test_protocol_run_input_parameters_jsonb
ERROR tests/models/test_domain/test_protocol_run.py::test_protocol_run_resolved_assets_jsonb
ERROR tests/models/test_domain/test_protocol_run.py::test_protocol_run_output_data_jsonb
ERROR tests/models/test_domain/test_protocol_run.py::test_protocol_run_state_jsonb
ERROR tests/models/test_domain/test_protocol_run.py::test_protocol_run_data_directory_path
ERROR tests/models/test_domain/test_protocol_run.py::test_protocol_run_created_by_user_jsonb
ERROR tests/models/test_domain/test_protocol_run.py::test_protocol_run_continuation_chain
ERROR tests/models/test_domain/test_protocol_run.py::test_protocol_run_query_by_status
ERROR tests/models/test_domain/test_protocol_run.py::test_protocol_run_query_by_protocol
ERROR tests/models/test_domain/test_protocol_run.py::test_protocol_run_repr
ERROR tests/models/test_domain/test_schedule_entry.py::test_schedule_entry_orm_creation_minimal
ERROR tests/models/test_domain/test_schedule_entry.py::test_schedule_entry_orm_creation_with_all_fields
ERROR tests/models/test_domain/test_schedule_entry.py::test_schedule_entry_orm_persist_to_database
ERROR tests/models/test_domain/test_schedule_entry.py::test_schedule_entry_orm_status_transitions
ERROR tests/models/test_domain/test_schedule_entry.py::test_schedule_entry_orm_priority_ordering
ERROR tests/models/test_domain/test_schedule_entry.py::test_schedule_entry_orm_timestamp_fields
ERROR tests/models/test_domain/test_schedule_entry.py::test_schedule_entry_orm_asset_requirements_jsonb
ERROR tests/models/test_domain/test_schedule_entry.py::test_schedule_entry_orm_celery_integration
ERROR tests/models/test_domain/test_schedule_entry.py::test_schedule_entry_orm_retry_logic
ERROR tests/models/test_domain/test_schedule_entry.py::test_schedule_entry_orm_user_params_jsonb
ERROR tests/models/test_domain/test_schedule_entry.py::test_schedule_entry_orm_relationship_to_protocol_run
ERROR tests/models/test_domain/test_schedule_entry.py::test_schedule_entry_orm_query_by_status
ERROR tests/models/test_domain/test_schedule_entry.py::test_schedule_entry_orm_query_ready_entries
ERROR tests/models/test_domain/test_schedule_history.py::test_schedule_history_orm_creation_minimal
ERROR tests/models/test_domain/test_schedule_history.py::test_schedule_history_orm_creation_with_all_fields
ERROR tests/models/test_domain/test_schedule_history.py::test_schedule_history_orm_persist_to_database
ERROR tests/models/test_domain/test_schedule_history.py::test_schedule_history_orm_all_event_types
ERROR tests/models/test_domain/test_schedule_history.py::test_schedule_history_orm_status_transitions
ERROR tests/models/test_domain/test_schedule_history.py::test_schedule_history_orm_event_timing
ERROR tests/models/test_domain/test_schedule_history.py::test_schedule_history_orm_event_data_jsonb
ERROR tests/models/test_domain/test_schedule_history.py::test_schedule_history_orm_error_tracking
ERROR tests/models/test_domain/test_schedule_history.py::test_schedule_history_orm_all_trigger_types
ERROR tests/models/test_domain/test_schedule_history.py::test_schedule_history_orm_asset_count_tracking
ERROR tests/models/test_domain/test_schedule_history.py::test_schedule_history_orm_relationship_to_schedule_entry
ERROR tests/models/test_domain/test_schedule_history.py::test_schedule_history_orm_query_by_event_type
ERROR tests/models/test_domain/test_schedule_history.py::test_schedule_history_orm_query_by_time_range
ERROR tests/models/test_domain/test_schedule_history.py::test_schedule_history_orm_cascade_delete
ERROR tests/models/test_domain/test_well_data_output.py::test_well_data_output_orm_creation_minimal
ERROR tests/models/test_domain/test_well_data_output.py::test_well_data_output_orm_creation_all_fields
ERROR tests/models/test_domain/test_well_data_output.py::test_well_data_output_orm_persistence
ERROR tests/models/test_domain/test_well_data_output.py::test_well_data_output_orm_relationships
=========== 73 failed, 154 passed, 109 warnings, 78 errors in 48.46s ===========
